(S1,S2,S3,S4,S5,S6)
0:(1,50,0,1,50,0)
1:(1,50,0,0,49,1)
2:(1,51,0,1,49,0)
3:(1,51,0,0,48,1)
4:(1,52,0,1,48,0)
5:(1,52,0,0,47,1)
6:(1,53,0,1,47,0)
7:(1,53,0,0,46,1)
8:(1,54,0,1,46,0)
9:(1,54,0,0,45,1)
10:(1,55,0,1,45,0)
11:(1,55,0,0,44,1)
12:(1,56,0,1,44,0)
13:(1,56,0,0,43,1)
14:(1,57,0,1,43,0)
15:(1,57,0,0,42,1)
16:(1,58,0,1,42,0)
17:(1,58,0,0,41,1)
18:(1,59,0,1,41,0)
19:(1,59,0,0,40,1)
20:(0,58,1,0,40,1)
21:(0,57,1,0,41,1)
22:(0,58,1,1,41,0)
23:(0,57,1,1,42,0)
24:(0,50,1,1,49,0)
25:(0,49,1,1,50,0)
26:(0,51,1,1,48,0)
27:(0,53,1,1,46,0)
28:(0,52,1,1,47,0)
29:(0,54,1,1,45,0)
30:(0,55,1,1,44,0)
31:(0,56,1,1,43,0)
32:(0,50,1,0,48,1)
33:(0,56,1,0,42,1)
34:(0,54,1,0,44,1)
35:(0,55,1,0,43,1)
36:(0,51,1,0,47,1)
37:(0,52,1,0,46,1)
38:(0,53,1,0,45,1)
39:(0,49,1,0,49,1)
40:(1,49,0,0,50,1)
41:(1,49,0,1,51,0)
42:(0,48,1,0,50,1)
43:(0,48,1,1,51,0)
44:(1,48,0,0,51,1)
45:(1,48,0,1,52,0)
46:(0,47,1,1,52,0)
47:(0,47,1,0,51,1)
48:(1,47,0,0,52,1)
49:(1,47,0,1,53,0)
50:(0,46,1,1,53,0)
51:(0,46,1,0,52,1)
52:(1,46,0,0,53,1)
53:(1,46,0,1,54,0)
54:(0,45,1,1,54,0)
55:(0,45,1,0,53,1)
56:(1,45,0,0,54,1)
57:(1,45,0,1,55,0)
58:(0,44,1,0,54,1)
59:(0,44,1,1,55,0)
60:(1,44,0,0,55,1)
61:(1,44,0,1,56,0)
62:(0,43,1,0,55,1)
63:(0,43,1,1,56,0)
64:(1,43,0,0,56,1)
65:(1,43,0,1,57,0)
66:(1,60,0,1,40,0)
67:(0,42,1,0,56,1)
68:(0,42,1,1,57,0)
69:(1,42,0,0,57,1)
70:(1,42,0,1,58,0)
71:(0,41,1,1,58,0)
72:(0,41,1,0,57,1)
73:(1,41,0,0,58,1)
74:(1,41,0,1,59,0)
75:(0,40,1,0,58,1)
76:(0,40,1,1,59,0)
77:(1,40,0,0,59,1)
78:(1,40,0,1,60,0)
79:(0,39,1,0,59,1)
80:(0,39,1,1,60,0)
81:(1,39,0,0,60,1)
82:(1,39,0,1,61,0)
83:(0,38,1,0,60,1)
84:(0,38,1,1,61,0)
85:(1,38,0,0,61,1)
86:(1,38,0,1,62,0)
87:(0,59,1,1,40,0)
88:(0,37,1,0,61,1)
89:(0,37,1,1,62,0)
90:(1,37,0,0,62,1)
91:(1,37,0,1,63,0)
92:(0,36,1,1,63,0)
93:(0,36,1,0,62,1)
94:(1,36,0,0,63,1)
95:(1,36,0,1,64,0)
96:(0,35,1,1,64,0)
97:(0,35,1,0,63,1)
98:(1,35,0,0,64,1)
99:(1,35,0,1,65,0)
100:(0,34,1,1,65,0)
101:(0,34,1,0,64,1)
102:(1,34,0,0,65,1)
103:(1,34,0,1,66,0)
104:(0,33,1,1,66,0)
105:(0,33,1,0,65,1)
106:(1,33,0,0,66,1)
107:(1,33,0,1,67,0)
108:(0,32,1,0,66,1)
109:(0,32,1,1,67,0)
110:(1,32,0,0,67,1)
111:(1,32,0,1,68,0)
112:(0,31,1,0,67,1)
113:(0,31,1,1,68,0)
114:(1,31,0,0,68,1)
115:(1,31,0,1,69,0)
116:(0,30,1,1,69,0)
117:(0,30,1,0,68,1)
118:(-1,-1,-1,-1,-1,-1)