(codY,flache,SigD_hag,hag,CodY_flache,CodY_hag,CodY,SigD,Hag)
0:(1,1,1,1,1,1,10,10,10)
1:(1,1,1,2,1,0,11,10,10)
2:(1,1,1,2,1,0,12,10,10)
3:(1,1,1,2,1,0,13,10,10)
4:(1,2,1,2,0,0,14,10,10)
5:(1,2,1,2,0,0,15,10,10)
6:(1,2,1,2,0,0,16,10,10)
7:(1,2,1,2,0,0,17,10,10)
8:(1,2,1,2,0,0,18,10,10)
9:(1,2,1,2,0,0,19,10,10)
10:(1,2,1,1,0,1,11,10,10)
11:(1,2,1,2,0,0,12,10,10)
12:(1,2,1,1,0,1,12,10,10)
13:(1,1,0,3,1,0,12,11,11)
14:(1,2,1,2,0,0,13,10,10)
15:(1,2,0,3,0,0,13,11,11)
16:(1,1,1,2,1,0,13,9,10)
17:(1,1,1,2,1,0,14,10,10)
18:(1,2,0,3,0,0,14,11,11)
19:(1,2,1,2,0,0,14,9,10)
20:(1,2,1,2,0,0,14,11,10)
21:(1,1,1,2,1,0,15,10,10)
22:(1,2,0,3,0,0,15,11,11)
23:(1,2,1,2,0,0,15,9,10)
24:(1,2,1,2,0,0,15,11,10)
25:(1,1,1,2,1,0,16,10,10)
26:(1,2,0,3,0,0,16,11,11)
27:(1,2,1,2,0,0,16,9,10)
28:(1,2,1,2,0,0,16,11,10)
29:(1,2,0,3,0,0,16,11,10)
30:(1,2,0,3,0,0,17,11,11)
31:(1,2,1,2,0,0,17,9,10)
32:(1,2,1,2,0,0,17,11,10)
33:(1,2,0,3,0,0,17,11,10)
34:(1,2,0,3,0,0,18,11,11)
35:(1,2,1,2,0,0,18,9,10)
36:(1,2,1,2,0,0,18,11,10)
37:(1,2,0,3,0,0,18,11,10)
38:(1,2,0,3,0,0,19,11,11)
39:(1,2,1,2,0,0,19,9,10)
40:(1,2,1,2,0,0,19,11,10)
41:(1,2,0,3,0,0,19,11,10)
42:(1,1,1,2,1,0,14,9,10)
43:(1,1,1,2,1,0,12,9,10)
44:(1,2,1,2,0,0,13,9,10)
45:(1,2,1,2,0,0,13,11,10)
46:(1,1,0,3,1,0,12,11,10)
47:(1,2,1,2,0,0,17,10,9)
48:(1,2,1,2,0,0,14,8,10)
49:(1,2,0,3,0,0,14,10,11)
50:(1,2,0,3,0,0,14,10,10)
51:(1,2,1,1,0,1,13,9,10)
52:(1,1,0,3,1,0,16,11,10)
53:(1,1,0,3,1,0,17,11,10)
54:(1,1,0,3,1,0,15,11,10)
55:(1,1,1,2,1,0,15,11,10)
56:(1,2,0,3,0,0,15,11,10)
57:(1,1,1,2,1,0,15,9,10)
58:(1,1,1,2,1,0,16,9,10)
59:(1,1,1,2,1,0,17,9,10)
60:(1,1,1,2,1,0,14,11,10)
61:(1,1,1,2,1,0,17,10,10)
62:(1,1,1,2,1,0,17,11,10)
63:(1,1,1,2,1,0,16,11,10)
64:(1,2,1,2,0,0,11,10,10)
65:(1,1,1,2,1,0,13,11,10)
66:(1,0,1,2,2,0,13,10,10)
67:(1,0,1,2,2,0,11,10,10)
68:(1,0,1,2,2,0,12,9,10)
69:(1,1,0,2,1,1,11,11,11)
70:(1,1,1,1,1,1,12,9,10)
71:(1,2,0,2,0,1,12,11,11)
72:(1,1,2,1,1,0,16,9,10)
73:(1,1,2,1,1,0,13,8,10)
74:(1,2,2,1,0,0,14,8,10)
75:(1,2,2,1,0,0,15,8,10)
76:(1,2,2,1,0,0,17,8,10)
77:(1,2,2,1,0,0,18,8,10)
78:(1,2,2,1,0,0,14,10,10)
79:(1,2,2,1,0,0,16,10,10)
80:(1,2,2,1,0,0,15,10,10)
81:(1,1,2,1,1,0,15,9,10)
82:(1,2,2,1,0,0,15,9,10)
83:(1,2,2,1,0,0,16,8,10)
84:(1,2,1,2,0,0,16,8,10)
85:(1,2,0,3,0,0,16,10,10)
86:(1,2,0,3,0,0,15,10,10)
87:(1,2,0,3,0,0,18,10,10)
88:(1,2,0,3,0,0,17,10,10)
89:(1,2,1,2,0,0,15,8,10)
90:(1,2,1,2,0,0,18,8,10)
91:(1,2,1,2,0,0,17,8,10)
92:(1,1,1,1,1,1,11,10,10)
93:(1,2,1,1,0,1,14,11,10)
94:(1,2,1,1,0,1,15,11,10)
95:(1,2,1,1,0,1,17,9,10)
96:(1,1,1,1,1,1,13,10,10)
97:(1,2,1,1,0,1,14,9,10)
98:(1,2,0,3,0,0,12,11,11)
99:(1,2,0,3,0,0,18,10,11)
100:(1,2,0,3,0,0,19,10,11)
101:(1,2,0,3,0,0,19,10,10)
102:(1,0,0,3,2,0,11,11,11)
103:(1,1,0,3,1,0,14,11,11)
104:(1,1,0,3,1,0,13,11,11)
105:(1,1,0,3,1,0,16,11,11)
106:(1,2,0,3,0,0,13,11,10)
107:(1,1,0,2,1,1,10,11,10)
108:(1,2,0,2,0,1,12,11,10)
109:(1,2,1,1,0,1,12,11,10)
110:(1,2,0,3,0,0,12,11,10)
111:(1,2,1,2,0,0,12,11,10)
112:(1,2,2,1,0,0,17,9,10)
113:(1,2,2,1,0,0,13,9,10)
114:(1,2,2,1,0,0,14,9,10)
115:(1,2,2,1,0,0,12,9,10)
116:(1,2,2,1,0,0,18,9,10)
117:(1,2,0,3,0,0,14,11,10)
118:(1,2,2,1,0,0,16,9,10)
119:(1,2,1,1,0,1,13,10,10)
120:(1,2,1,1,0,1,17,10,10)
121:(1,2,2,1,0,0,18,10,10)
122:(1,2,2,1,0,0,19,10,10)
123:(1,2,2,1,0,0,19,8,10)
124:(1,2,1,2,0,0,19,8,10)
125:(1,2,0,3,0,0,18,12,10)
126:(1,2,0,3,0,0,19,12,10)
127:(1,2,2,1,0,0,19,9,10)
128:(1,2,1,2,0,0,18,12,10)
129:(1,2,1,2,0,0,19,12,10)
130:(1,2,0,3,0,0,17,12,10)
131:(1,2,1,2,0,0,14,12,10)
132:(1,2,1,2,0,0,17,12,10)
133:(1,2,1,2,0,0,15,12,10)
134:(1,2,1,2,0,0,16,12,10)
135:(1,2,0,2,0,1,13,11,11)
136:(1,2,2,0,0,1,12,9,10)
137:(1,2,1,1,0,1,12,9,10)
138:(1,2,1,1,0,1,11,9,10)
139:(1,1,0,3,1,0,15,11,11)
140:(1,1,0,3,1,0,17,11,11)
141:(1,2,0,2,0,1,15,11,11)
142:(1,2,1,2,0,0,16,10,11)
143:(1,2,0,3,0,0,16,12,11)
144:(1,2,0,3,0,0,13,12,11)
145:(1,2,0,3,0,0,14,12,11)
146:(1,2,0,3,0,0,15,12,11)
147:(1,2,0,3,0,0,17,12,11)
148:(1,2,0,3,0,0,18,12,11)
149:(1,2,0,3,0,0,16,12,10)
150:(1,2,0,2,0,1,11,11,10)
151:(1,2,2,1,0,0,17,10,10)
152:(1,2,0,3,0,0,14,12,10)
153:(1,2,0,3,0,0,15,12,10)
154:(1,1,1,2,1,0,13,8,10)
155:(1,1,1,2,1,0,11,9,10)
156:(1,2,0,2,0,1,14,11,11)
157:(1,2,0,2,0,1,16,11,11)
158:(1,2,0,3,0,0,15,10,11)
159:(1,1,0,3,1,0,12,10,11)
160:(1,1,1,1,1,1,10,9,10)
161:(1,2,0,2,0,1,17,11,11)
162:(1,2,1,2,0,0,12,9,10)
163:(1,2,0,3,0,0,13,10,11)
164:(1,2,0,3,0,0,17,10,11)
165:(1,2,0,3,0,0,16,10,11)
166:(1,2,1,2,0,0,18,10,9)
167:(1,2,1,2,0,0,16,10,9)
168:(1,2,1,2,0,0,18,11,9)
169:(1,2,1,2,0,0,19,11,9)
170:(1,2,1,2,0,0,18,9,9)
171:(1,2,1,2,0,0,19,9,9)
172:(1,2,1,2,0,0,19,10,9)
173:(1,2,0,3,0,0,18,11,9)
174:(1,2,0,3,0,0,19,11,9)
175:(1,2,0,3,0,0,19,12,11)
176:(1,1,0,3,1,0,11,11,11)
177:(1,1,1,2,1,0,10,10,10)
178:(1,0,1,2,2,0,14,10,10)
179:(1,0,1,2,2,0,12,10,10)
180:(1,0,1,2,2,0,10,10,10)
181:(1,0,1,2,2,0,15,10,10)
182:(1,1,1,2,1,0,12,11,10)
183:(1,1,1,1,1,1,14,10,10)
184:(1,0,1,1,2,1,9,10,10)
185:(1,2,2,0,0,1,11,9,10)
186:(1,2,1,1,0,1,11,11,10)
187:(1,2,1,0,0,2,10,10,10)
188:(1,2,1,2,0,0,18,10,11)
189:(1,2,1,2,0,0,19,10,11)
190:(1,1,1,2,1,0,12,10,11)
191:(1,2,1,2,0,0,15,10,11)
192:(1,2,1,2,0,0,14,10,11)
193:(1,1,0,3,1,0,12,12,11)
194:(1,2,1,2,0,0,13,10,11)
195:(1,2,1,2,0,0,17,10,11)
196:(1,1,1,0,1,2,9,10,10)
197:(1,1,2,0,1,1,10,9,10)
198:(1,2,1,0,0,2,11,10,10)
199:(1,1,1,1,1,1,10,11,10)
200:(1,1,0,3,1,0,14,11,10)
201:(1,1,0,3,1,0,13,10,10)
202:(1,1,0,3,1,0,11,11,10)
203:(1,1,0,3,1,0,13,11,10)
204:(1,1,1,2,1,0,11,11,10)
205:(1,1,2,1,1,0,11,9,10)
206:(1,1,2,1,1,0,12,9,10)
207:(1,1,2,1,1,0,14,9,10)
208:(1,1,2,1,1,0,13,9,10)
209:(1,2,0,2,0,1,15,11,10)
210:(1,1,1,1,1,1,15,10,10)
211:(1,2,1,1,0,1,10,10,10)
212:(1,2,0,2,0,1,16,11,10)
213:(1,2,1,1,0,1,16,11,10)
214:(1,2,1,1,0,1,14,10,10)
215:(1,1,1,1,1,1,9,10,10)
216:(1,2,1,1,0,1,17,11,10)
217:(1,2,1,1,0,1,13,11,10)
218:(1,2,0,2,0,1,17,11,10)
219:(1,1,1,1,1,1,12,10,10)
220:(1,2,1,1,0,1,15,10,10)
221:(1,2,1,1,0,1,15,9,10)
222:(1,2,1,1,0,1,16,9,10)
223:(1,2,1,1,0,1,16,10,10)
224:(1,1,1,1,1,1,11,11,10)
225:(1,0,0,3,2,0,12,11,11)
226:(1,1,1,1,1,1,12,11,10)
227:(1,1,2,1,1,0,12,8,10)
228:(1,1,0,3,1,0,12,11,9)
229:(1,0,2,1,2,0,12,8,10)
230:(1,2,2,0,0,1,12,10,10)
231:(1,2,0,3,0,0,12,11,9)
232:(1,2,2,1,0,0,12,10,10)
233:(1,2,3,0,0,0,12,8,10)
234:(1,2,1,1,0,1,12,10,11)
235:(1,2,0,2,0,1,12,10,10)
236:(1,1,1,2,1,0,12,9,11)
237:(1,2,1,2,0,0,12,9,9)
238:(1,1,1,2,1,0,12,11,11)
239:(1,1,3,0,1,0,12,8,10)
240:(1,1,0,2,1,1,12,11,10)
241:(1,1,0,3,1,0,13,10,11)
242:(1,1,1,2,1,0,13,10,11)
243:(1,1,0,3,1,0,13,12,11)
244:(1,1,0,3,1,0,13,11,9)
245:(1,2,2,1,0,0,13,10,10)
246:(1,2,0,3,0,0,13,11,9)
247:(1,2,3,0,0,0,13,8,10)
248:(1,2,1,1,0,1,13,10,11)
249:(1,2,0,2,0,1,13,10,10)
250:(1,2,1,2,0,0,13,9,11)
251:(1,2,1,2,0,0,13,9,9)
252:(1,1,1,2,1,0,13,11,11)
253:(1,1,3,0,1,0,13,8,10)
254:(1,1,0,2,1,1,13,11,10)
255:(1,1,1,2,1,0,13,9,9)
256:(1,2,0,3,0,0,13,10,10)
257:(1,2,0,2,0,1,13,10,11)
258:(1,1,0,3,1,0,13,12,10)
259:(1,0,1,2,2,0,13,11,10)
260:(1,1,1,1,1,1,13,10,9)
261:(1,2,0,2,0,1,13,11,10)
262:(1,2,1,2,0,0,13,11,11)
263:(1,1,0,3,1,0,13,9,11)
264:(1,2,0,2,0,1,13,12,10)
265:(1,1,2,1,1,0,14,8,10)
266:(1,1,0,3,1,0,14,10,10)
267:(1,1,1,2,1,0,14,10,11)
268:(1,1,0,3,1,0,14,12,11)
269:(1,1,0,3,1,0,14,11,9)
270:(1,2,0,3,0,0,14,11,9)
271:(1,2,3,0,0,0,14,8,10)
272:(1,2,1,1,0,1,14,10,11)
273:(1,2,1,2,0,0,14,9,11)
274:(1,2,1,2,0,0,14,9,9)
275:(1,2,1,2,0,0,14,11,11)
276:(1,2,0,2,0,1,14,11,10)
277:(1,1,0,3,1,0,14,12,10)
278:(1,0,1,2,2,0,14,11,10)
279:(1,2,1,1,0,1,14,10,9)
280:(1,2,0,3,0,0,14,9,11)
281:(1,2,0,2,0,1,14,12,10)
282:(1,1,0,3,1,0,14,10,11)
283:(1,1,1,2,1,0,14,11,9)
284:(1,2,2,1,0,0,14,11,10)
285:(1,2,0,2,0,1,14,12,11)
286:(1,2,0,2,0,1,14,10,11)
287:(1,0,0,3,2,0,14,11,10)
288:(1,1,1,1,1,1,14,9,10)
289:(1,1,3,0,1,0,14,8,10)
290:(1,1,0,3,1,0,15,10,10)
291:(1,1,1,2,1,0,15,10,11)
292:(1,1,0,3,1,0,15,11,9)
293:(1,2,0,3,0,0,15,11,9)
294:(1,2,3,0,0,0,15,8,10)
295:(1,2,1,1,0,1,15,10,11)
296:(1,2,1,2,0,0,15,9,11)
297:(1,2,1,2,0,0,15,9,9)
298:(1,2,1,2,0,0,15,11,11)
299:(1,0,1,2,2,0,15,11,10)
300:(1,2,1,2,0,0,15,10,9)
301:(1,2,0,3,0,0,15,9,11)
302:(1,2,0,2,0,1,15,12,10)
303:(1,2,1,2,0,0,15,11,9)
304:(1,2,2,1,0,0,15,11,10)
305:(1,2,0,2,0,1,15,10,11)
306:(1,0,0,3,2,0,15,11,10)
307:(1,1,3,0,1,0,15,8,10)
308:(1,1,1,2,1,0,15,11,9)
309:(1,1,1,2,1,0,15,8,10)
310:(1,1,2,1,1,0,15,10,10)
311:(1,2,2,1,0,0,15,7,10)
312:(1,2,2,0,0,1,15,10,10)
313:(1,2,0,3,0,0,15,13,11)
314:(1,1,0,3,1,0,15,12,11)
315:(1,0,1,2,2,0,15,9,10)
316:(1,2,0,2,0,1,15,11,9)
317:(1,1,0,2,1,1,15,11,10)
318:(1,2,1,1,0,1,15,10,9)
319:(1,0,1,2,2,0,16,10,10)
320:(1,1,0,3,1,0,16,10,10)
321:(1,1,1,2,1,0,16,10,11)
322:(1,1,0,3,1,0,16,11,9)
323:(1,2,0,3,0,0,16,11,9)
324:(1,2,3,0,0,0,16,8,10)
325:(1,2,1,1,0,1,16,10,11)
326:(1,2,1,2,0,0,16,9,11)
327:(1,2,1,2,0,0,16,9,9)
328:(1,2,1,2,0,0,16,11,11)
329:(1,2,0,3,0,0,16,9,11)
330:(1,2,0,2,0,1,16,12,10)
331:(1,2,1,2,0,0,16,11,9)
332:(1,2,2,1,0,0,16,11,10)
333:(1,1,1,2,1,0,16,11,9)
334:(1,1,1,2,1,0,16,8,10)
335:(1,1,2,1,1,0,16,10,10)
336:(1,2,2,1,0,0,16,7,10)
337:(1,2,2,0,0,1,16,10,10)
338:(1,2,0,3,0,0,16,13,11)
339:(1,1,0,3,1,0,16,12,11)
340:(1,2,0,2,0,1,16,11,9)
341:(1,1,0,2,1,1,16,11,10)
342:(1,2,1,1,0,1,16,10,9)
343:(1,1,0,3,1,0,16,12,10)
344:(1,2,0,3,0,0,16,13,10)
345:(1,2,0,2,0,1,16,10,10)
346:(1,2,2,0,0,1,16,8,10)
347:(1,1,2,1,1,0,17,9,10)
348:(1,0,1,2,2,0,17,10,10)
349:(1,1,0,3,1,0,17,10,10)
350:(1,1,0,3,1,0,17,11,9)
351:(1,2,0,3,0,0,17,11,9)
352:(1,2,3,0,0,0,17,8,10)
353:(1,2,1,2,0,0,17,9,11)
354:(1,2,1,2,0,0,17,9,9)
355:(1,2,1,2,0,0,17,11,11)
356:(1,2,0,3,0,0,17,9,11)
357:(1,2,1,2,0,0,17,11,9)
358:(1,2,2,1,0,0,17,11,10)
359:(1,1,2,1,1,0,17,10,10)
360:(1,2,2,1,0,0,17,7,10)
361:(1,2,0,3,0,0,17,13,11)
362:(1,2,0,2,0,1,17,11,9)
363:(1,1,0,2,1,1,17,11,10)
364:(1,2,1,1,0,1,17,10,9)
365:(1,2,0,3,0,0,17,13,10)
366:(1,2,2,0,0,1,17,8,10)
367:(1,1,2,1,1,0,17,8,10)
368:(1,2,0,3,0,0,17,10,9)
369:(1,2,0,3,0,0,17,9,10)
370:(1,2,1,1,0,1,17,8,10)
371:(1,2,0,3,0,0,17,12,9)
372:(1,1,0,3,1,0,17,12,11)
373:(1,2,1,1,0,1,17,10,11)
374:(1,2,1,1,0,1,17,11,9)
375:(1,1,1,2,1,0,18,10,10)
376:(1,1,0,3,1,0,18,11,11)
377:(1,2,0,2,0,1,18,11,11)
378:(1,2,1,1,0,1,18,11,10)
379:(1,2,0,2,0,1,18,11,10)
380:(1,2,3,0,0,0,18,8,10)
381:(1,2,1,2,0,0,18,9,11)
382:(1,2,1,2,0,0,18,11,11)
383:(1,2,0,3,0,0,18,9,11)
384:(1,2,2,1,0,0,18,11,10)
385:(1,1,2,1,1,0,18,10,10)
386:(1,2,2,1,0,0,18,7,10)
387:(1,2,0,3,0,0,18,13,11)
388:(1,2,1,1,0,1,18,10,9)
389:(1,2,0,3,0,0,18,13,10)
390:(1,2,2,0,0,1,18,8,10)
391:(1,2,0,3,0,0,18,10,9)
392:(1,2,0,3,0,0,18,9,10)
393:(1,2,0,3,0,0,18,12,9)
394:(1,1,0,3,1,0,18,12,11)
395:(1,2,1,1,0,1,18,10,11)
396:(1,2,3,0,0,0,18,7,10)
397:(1,2,3,0,0,0,18,9,10)
398:(1,2,1,2,0,0,18,13,10)
399:(1,2,0,2,0,1,19,11,10)
400:(1,2,3,0,0,0,19,8,10)
401:(1,2,1,2,0,0,19,9,11)
402:(1,2,1,2,0,0,19,11,11)
403:(1,2,0,3,0,0,19,9,11)
404:(1,2,2,1,0,0,19,11,10)
405:(1,2,2,1,0,0,19,7,10)
406:(1,2,0,3,0,0,19,13,11)
407:(1,2,0,3,0,0,19,13,10)
408:(1,2,2,0,0,1,19,8,10)
409:(1,2,0,3,0,0,19,10,9)
410:(1,2,0,3,0,0,19,9,10)
411:(1,2,0,3,0,0,19,12,9)
412:(1,1,0,3,1,0,19,12,11)
413:(1,2,3,0,0,0,19,7,10)
414:(1,2,3,0,0,0,19,9,10)
415:(1,2,1,2,0,0,19,13,10)
416:(1,2,1,2,0,0,19,12,9)
417:(1,2,2,1,0,0,19,8,9)
418:(1,2,2,1,0,0,19,9,9)
419:(1,1,2,1,1,0,19,10,10)
420:(1,2,1,1,0,1,19,10,9)
421:(1,2,0,2,0,1,19,11,11)
422:(1,2,1,1,0,1,19,11,10)
423:(1,2,1,1,0,1,19,10,11)
424:(1,1,1,2,1,0,19,10,10)
425:(1,2,0,2,0,1,14,11,9)
426:(1,2,0,2,0,1,13,11,9)
427:(1,2,0,2,0,1,11,11,9)
428:(1,2,0,2,0,1,12,11,9)
429:(1,2,0,2,0,1,16,12,9)
430:(1,2,1,1,0,1,16,11,9)
431:(1,2,1,2,0,0,16,12,9)
432:(1,2,0,3,0,0,16,12,9)
433:(1,2,0,2,0,1,17,12,9)
434:(1,0,0,3,2,0,13,12,11)
435:(1,0,0,2,2,1,14,11,10)
436:(1,0,0,2,2,1,15,11,10)
437:(1,0,0,2,2,1,16,11,10)
438:(1,0,0,2,2,1,10,11,11)
439:(1,0,0,2,2,1,9,11,10)
440:(1,0,0,2,2,1,11,11,10)
441:(1,0,0,2,2,1,12,11,10)
442:(1,1,0,2,1,1,11,11,10)
443:(1,1,0,2,1,1,18,11,10)
444:(1,1,0,2,1,1,19,11,10)
445:(1,1,0,2,1,1,14,11,10)
446:(1,1,0,3,1,0,19,11,10)
447:(1,1,0,2,1,1,16,11,9)
448:(1,1,1,2,1,0,14,10,9)
449:(1,1,1,1,1,1,14,10,9)
450:(1,1,0,3,1,0,18,11,10)
451:(1,1,1,2,1,0,16,9,11)
452:(1,1,1,2,1,0,16,11,11)
453:(1,1,1,2,1,0,15,11,11)
454:(1,1,1,2,1,0,16,12,10)
455:(1,1,1,2,1,0,17,12,10)
456:(1,1,1,2,1,0,17,11,9)
457:(1,1,1,2,1,0,16,10,9)
458:(1,1,1,2,1,0,16,12,9)
459:(1,2,2,1,0,0,16,10,9)
460:(1,2,2,1,0,0,16,8,9)
461:(1,2,2,1,0,0,16,9,9)
462:(1,2,2,0,0,1,16,9,9)
463:(1,2,0,3,0,0,16,10,9)
464:(1,2,0,2,0,1,14,11,12)
465:(1,2,2,1,0,0,13,8,10)
466:(1,1,0,2,1,1,12,12,11)
467:(1,1,1,1,1,1,13,10,11)
468:(1,1,0,2,1,1,10,11,11)
469:(1,1,1,1,1,1,11,10,11)
470:(1,1,1,1,1,1,13,11,10)
471:(1,1,1,1,1,1,9,11,10)
472:(1,1,1,1,1,1,15,11,10)
473:(1,1,1,1,1,1,14,11,10)
474:(1,1,1,1,1,1,12,10,11)
475:(1,1,1,1,1,1,14,10,11)
476:(1,1,1,1,1,1,15,10,11)
477:(1,1,0,2,1,1,14,11,11)
478:(1,1,0,2,1,1,15,11,11)
479:(1,1,0,2,1,1,15,10,10)
480:(1,1,0,2,1,1,12,10,10)
481:(1,2,0,2,0,1,18,11,9)
482:(1,1,2,1,1,0,15,9,9)
483:(1,1,2,1,1,0,15,8,10)
484:(1,1,1,2,1,0,14,8,10)
485:(1,0,3,0,2,0,14,8,10)
486:(1,2,3,0,0,0,15,9,10)
487:(1,1,3,0,1,0,15,9,10)
488:(1,2,3,0,0,0,17,9,10)
489:(1,2,3,0,0,0,13,9,10)
490:(1,2,3,0,0,0,18,8,9)
491:(1,2,3,0,0,0,19,8,9)
492:(1,2,2,0,0,1,13,9,10)
493:(1,1,2,0,1,1,11,9,10)
494:(1,1,2,0,1,1,9,9,10)
495:(1,2,1,0,0,2,9,10,10)
496:(1,2,0,2,0,1,17,12,10)
497:(1,2,2,0,0,1,14,10,10)
498:(1,2,2,0,0,1,11,10,10)
499:(1,2,1,1,0,1,15,8,10)
500:(1,2,2,0,0,1,14,7,10)
501:(1,2,0,2,0,1,16,9,10)
502:(1,2,1,1,0,1,16,8,10)
503:(1,2,1,1,0,1,14,12,10)
504:(1,2,1,1,0,1,14,8,10)
505:(1,2,1,1,0,1,13,8,10)
506:(1,2,1,1,0,1,17,13,10)
507:(1,2,1,1,0,1,16,12,10)
508:(1,2,1,1,0,1,10,11,10)
509:(1,2,1,1,0,1,9,10,10)
510:(1,2,1,1,0,1,13,12,10)
511:(1,2,1,1,0,1,17,12,10)
512:(1,2,1,1,0,1,15,12,10)
513:(1,2,1,1,0,1,10,9,10)
514:(1,2,1,1,0,1,18,12,10)
515:(1,2,1,1,0,1,18,10,10)
516:(1,1,0,3,1,0,12,10,12)
517:(1,1,1,2,1,0,17,9,9)
518:(1,2,0,2,0,1,18,12,10)
519:(1,1,1,2,1,0,18,11,10)
520:(1,1,1,2,1,0,19,11,10)
521:(1,1,1,2,1,0,18,9,10)
522:(1,1,1,2,1,0,19,9,10)
523:(1,1,2,1,1,0,18,8,10)
524:(1,1,2,1,1,0,19,8,10)
525:(1,1,2,1,1,0,18,9,10)
526:(1,1,2,1,1,0,19,9,10)
527:(1,1,0,3,1,0,18,10,10)
528:(1,1,0,3,1,0,19,10,10)
529:(1,1,3,0,1,0,18,9,10)
530:(1,1,3,0,1,0,19,9,10)
531:(1,1,2,1,1,0,18,11,10)
532:(1,1,2,1,1,0,19,11,10)
533:(1,0,1,2,2,0,18,10,10)
534:(1,0,1,2,2,0,19,10,10)
535:(1,2,3,0,0,0,18,10,10)
536:(1,2,3,0,0,0,19,10,10)
537:(1,2,2,1,0,0,18,12,10)
538:(1,2,2,1,0,0,19,12,10)
539:(1,2,3,0,0,0,18,6,10)
540:(1,2,3,0,0,0,19,6,10)
541:(1,2,2,1,0,0,18,6,10)
542:(1,2,2,1,0,0,19,6,10)
543:(1,2,1,2,0,0,18,7,10)
544:(1,2,1,2,0,0,19,7,10)
545:(1,2,0,3,0,0,18,8,10)
546:(1,2,0,3,0,0,19,8,10)
547:(1,2,1,2,0,0,18,14,10)
548:(1,2,1,2,0,0,19,14,10)
549:(1,2,2,1,0,0,13,11,10)
550:(1,2,2,1,0,0,12,11,10)
551:(1,2,3,0,0,0,12,9,10)
552:(1,2,0,3,0,0,15,13,10)
553:(1,2,0,3,0,0,17,14,10)
554:(1,2,0,3,0,0,18,14,10)
555:(1,2,0,3,0,0,12,12,10)
556:(1,2,0,3,0,0,13,12,10)
557:(1,2,0,3,0,0,12,10,10)
558:(1,2,0,3,0,0,14,13,10)
559:(1,2,0,3,0,0,11,11,10)
560:(1,2,0,3,0,0,14,9,10)
561:(1,2,0,3,0,0,15,9,10)
562:(1,2,1,2,0,0,11,11,10)
563:(1,2,1,2,0,0,12,12,10)
564:(1,1,1,1,1,1,16,10,9)
565:(1,1,1,2,1,0,13,10,9)
566:(1,1,1,2,1,0,12,10,9)
567:(1,1,0,3,1,0,12,10,9)
568:(1,1,0,3,1,0,16,10,9)
569:(1,1,0,3,1,0,13,10,9)
570:(1,1,1,2,1,0,15,10,9)
571:(1,1,1,2,1,0,17,10,9)
572:(1,1,0,3,1,0,17,10,9)
573:(1,1,0,3,1,0,14,10,9)
574:(1,1,0,3,1,0,15,10,9)
575:(1,1,1,2,1,0,14,9,9)
576:(1,1,1,2,1,0,15,9,9)
577:(1,2,1,2,0,0,12,10,9)
578:(1,2,1,2,0,0,14,10,9)
579:(1,2,1,2,0,0,13,10,9)
580:(1,2,1,1,0,1,16,9,9)
581:(1,2,0,3,0,0,14,10,9)
582:(1,2,0,3,0,0,12,10,9)
583:(1,2,0,3,0,0,15,10,9)
584:(1,2,0,3,0,0,13,10,9)
585:(1,2,1,2,0,0,17,9,8)
586:(1,2,2,1,0,0,17,8,9)
587:(1,2,1,2,0,0,17,11,8)
588:(1,1,1,1,1,1,12,11,11)
589:(1,2,1,1,0,1,16,11,11)
590:(1,1,1,1,1,1,17,10,9)
591:(1,1,1,1,1,1,15,10,9)
592:(1,2,2,1,0,0,17,9,9)
593:(1,2,2,1,0,0,18,10,9)
594:(1,2,2,1,0,0,17,10,9)
595:(1,1,2,1,1,0,12,10,10)
596:(1,2,2,0,0,1,17,9,10)
597:(1,2,1,1,0,1,17,9,11)
598:(1,2,2,0,0,1,17,7,10)
599:(1,2,1,1,0,1,17,7,10)
600:(1,2,2,0,0,1,16,9,10)
601:(1,2,2,0,0,1,15,8,10)
602:(1,2,2,0,0,1,13,8,10)
603:(1,2,2,0,0,1,18,9,10)
604:(1,2,2,0,0,1,14,9,10)
605:(1,2,2,0,0,1,15,9,10)
606:(1,2,2,0,0,1,10,9,10)
607:(1,2,0,2,0,1,10,11,10)
608:(1,2,0,2,0,1,15,13,10)
609:(1,2,0,2,0,1,16,13,10)
610:(1,2,0,2,0,1,17,9,10)
611:(1,2,0,2,0,1,17,13,10)
612:(1,2,0,2,0,1,17,10,10)
613:(1,2,0,2,0,1,14,10,10)
614:(1,1,2,1,1,0,16,10,9)
615:(1,0,1,2,2,0,12,10,11)
616:(1,1,1,1,1,1,12,10,9)
617:(1,2,0,2,0,1,12,11,12)
618:(1,1,2,0,1,1,10,9,9)
619:(1,2,2,0,0,1,17,8,9)
620:(1,2,2,0,0,1,16,8,9)
621:(1,2,2,0,0,1,14,9,11)
622:(1,0,1,2,2,0,13,9,10)
623:(1,0,1,2,2,0,16,9,10)
624:(1,0,1,2,2,0,16,11,10)
625:(1,0,1,2,2,0,11,9,10)
626:(1,0,1,2,2,0,12,8,10)
627:(1,0,1,2,2,0,15,8,10)
628:(1,0,1,2,2,0,17,9,10)
629:(1,0,1,2,2,0,14,9,10)
630:(1,0,1,2,2,0,12,11,10)
631:(1,0,1,2,2,0,10,9,10)
632:(1,0,1,2,2,0,10,11,10)
633:(1,0,1,2,2,0,9,10,10)
634:(1,0,1,2,2,0,11,11,10)
635:(1,2,2,0,0,1,16,9,11)
636:(1,2,2,1,0,0,14,7,10)
637:(1,2,2,1,0,0,14,12,10)
638:(1,2,2,1,0,0,15,6,10)
639:(1,2,2,1,0,0,15,12,10)
640:(1,2,2,1,0,0,17,12,10)
641:(1,2,2,1,0,0,16,12,10)
642:(1,1,0,2,1,1,11,12,11)
643:(1,1,0,2,1,1,13,11,9)
644:(1,2,1,1,0,1,18,9,10)
645:(1,1,3,0,1,0,17,8,10)
646:(1,1,2,0,1,1,13,9,9)
647:(1,1,0,3,1,0,10,11,10)
648:(1,1,1,2,1,0,10,11,10)
649:(1,1,0,3,1,0,17,12,10)
650:(1,1,0,3,1,0,15,12,10)
651:(1,1,0,3,1,0,13,9,10)
652:(1,1,0,3,1,0,18,12,10)
653:(1,1,0,3,1,0,19,12,10)
654:(1,1,0,3,1,0,12,12,10)
655:(1,1,0,3,1,0,12,10,10)
656:(1,0,0,3,2,0,12,11,10)
657:(1,0,0,3,2,0,11,11,10)
658:(1,2,1,1,0,1,15,9,9)
659:(1,2,2,0,0,1,11,9,9)
660:(1,1,1,0,1,2,12,10,9)
661:(1,2,1,1,0,1,17,10,8)
662:(1,2,0,2,0,1,17,10,9)
663:(1,2,0,2,0,1,16,10,9)
664:(1,2,0,2,0,1,19,11,9)
665:(1,2,0,2,0,1,15,12,9)
666:(1,2,0,2,0,1,15,10,9)
667:(1,2,2,0,0,1,18,9,9)
668:(1,2,1,1,0,1,18,11,9)
669:(1,2,1,1,0,1,18,9,9)
670:(1,2,2,0,0,1,19,9,9)
671:(1,2,1,1,0,1,19,9,9)
672:(1,2,1,1,0,1,19,11,9)
673:(1,2,2,0,0,1,18,8,9)
674:(1,2,2,0,0,1,19,8,9)
675:(1,2,1,1,0,1,17,9,9)
676:(1,2,1,1,0,1,14,9,9)
677:(1,2,1,1,0,1,14,11,9)
678:(1,2,1,1,0,1,13,10,9)
679:(1,2,1,1,0,1,15,11,9)
680:(1,2,1,1,0,1,17,12,9)
681:(1,0,1,1,2,1,11,10,10)
682:(1,2,1,1,0,1,15,10,8)
683:(1,2,1,1,0,1,16,10,8)
684:(1,2,0,2,0,1,16,10,11)
685:(1,2,0,2,0,1,12,10,11)
686:(1,2,0,2,0,1,17,10,11)
687:(1,0,2,1,2,0,14,9,10)
688:(1,0,1,2,2,0,14,10,9)
689:(1,1,1,2,1,0,11,10,9)
690:(1,0,1,2,2,0,15,10,9)
691:(1,2,2,1,0,0,14,10,9)
692:(1,2,2,1,0,0,12,10,9)
693:(1,2,2,1,0,0,15,10,9)
694:(1,2,2,1,0,0,19,10,9)
695:(1,1,0,1,1,2,9,11,10)
696:(1,2,1,1,0,1,16,9,11)
697:(1,1,1,1,1,1,10,10,9)
698:(1,2,2,0,0,1,12,10,9)
699:(1,1,2,0,1,1,11,10,10)
700:(1,1,2,1,1,0,15,10,9)
701:(1,1,1,2,1,0,15,12,9)
702:(1,1,0,3,1,0,15,12,9)
703:(1,1,0,3,1,0,16,12,9)
704:(1,1,2,1,1,0,14,10,9)
705:(1,1,1,2,1,0,14,12,9)
706:(1,1,0,3,1,0,14,12,9)
707:(1,1,1,2,1,0,13,11,9)
708:(1,2,1,2,0,0,18,12,9)
709:(1,2,1,2,0,0,14,11,9)
710:(1,2,1,2,0,0,17,12,9)
711:(1,2,1,2,0,0,15,12,9)
712:(1,2,2,1,0,0,18,9,9)
713:(1,2,1,2,0,0,11,9,9)
714:(1,2,1,2,0,0,12,8,9)
715:(1,2,1,2,0,0,18,8,9)
716:(1,2,1,2,0,0,14,8,9)
717:(1,2,1,2,0,0,13,8,9)
718:(1,2,1,2,0,0,17,8,9)
719:(1,2,1,2,0,0,16,8,9)
720:(1,2,1,2,0,0,15,8,9)
721:(1,2,1,1,0,1,12,11,11)
722:(1,2,1,1,0,1,12,9,11)
723:(1,2,2,0,0,1,12,9,11)
724:(1,2,1,0,0,2,11,10,11)
725:(1,2,1,1,0,1,11,10,11)
726:(1,2,1,0,0,2,14,10,10)
727:(1,2,0,2,0,1,15,10,10)
728:(1,2,0,2,0,1,11,10,10)
729:(1,2,2,0,0,1,17,10,10)
730:(1,2,1,1,0,1,18,10,8)
731:(1,2,1,1,0,1,19,10,8)
732:(1,2,2,0,0,1,17,9,9)
733:(1,2,0,2,0,1,15,12,11)
734:(1,2,0,2,0,1,14,13,11)
735:(1,1,0,3,1,0,16,13,10)
736:(1,1,1,1,1,1,13,11,9)
737:(1,2,1,1,0,1,18,11,11)
738:(1,1,0,2,1,1,12,11,11)
739:(1,1,0,2,1,1,17,11,11)
740:(1,1,0,2,1,1,16,11,11)
741:(1,1,0,2,1,1,13,11,11)
742:(1,1,0,2,1,1,12,12,10)
743:(1,1,0,2,1,1,13,12,10)
744:(1,1,0,2,1,1,15,12,10)
745:(1,1,1,2,1,0,16,9,9)
746:(1,2,1,1,0,1,12,9,9)
747:(1,2,1,2,0,0,18,11,8)
748:(1,0,1,1,2,1,12,10,9)
749:(1,1,1,1,1,1,14,11,9)
750:(1,0,1,2,2,0,14,11,9)
751:(1,1,1,1,1,1,13,9,9)
752:(1,1,2,0,1,1,12,9,10)
753:(1,1,2,0,1,1,10,8,10)
754:(1,2,1,1,0,1,19,10,10)
755:(1,2,1,1,0,1,19,12,10)
756:(1,2,1,1,0,1,19,9,10)
757:(1,1,3,0,1,0,14,8,9)
758:(1,1,2,1,1,0,13,8,9)
759:(1,1,2,1,1,0,13,9,9)
760:(1,2,2,0,0,1,16,10,9)
761:(1,2,2,0,0,1,12,9,9)
762:(1,2,0,3,0,0,18,11,8)
763:(1,2,0,3,0,0,19,11,8)
764:(1,2,0,1,0,2,15,11,9)
765:(1,2,2,1,0,0,18,8,9)
766:(1,2,0,3,0,0,18,9,9)
767:(1,2,2,1,0,0,15,9,9)
768:(1,2,0,3,0,0,15,12,9)
769:(1,2,1,2,0,0,19,8,9)
770:(1,0,2,0,2,1,11,8,10)
771:(1,1,2,1,1,0,13,10,10)
772:(1,2,2,1,0,0,13,8,11)
773:(1,2,1,2,0,0,13,8,11)
774:(1,0,2,1,2,0,12,9,10)
775:(1,1,2,1,1,0,13,10,11)
776:(1,2,2,0,0,1,18,7,10)
777:(1,2,2,0,0,1,11,8,10)
778:(1,2,2,0,0,1,12,8,10)
779:(1,1,2,0,1,1,14,8,10)
780:(1,1,1,1,1,1,14,8,10)
781:(1,0,2,0,2,1,9,9,10)
782:(1,0,1,1,2,1,9,9,10)
783:(1,2,1,2,0,0,15,7,10)
784:(1,2,1,2,0,0,11,9,10)
785:(1,2,1,2,0,0,13,8,10)
786:(1,2,1,2,0,0,12,8,10)
787:(1,2,1,2,0,0,14,7,10)
788:(1,2,1,2,0,0,13,12,10)
789:(1,2,1,2,0,0,17,13,10)
790:(1,1,0,1,1,2,10,11,11)
791:(1,1,1,1,1,1,11,9,10)
792:(1,1,1,1,1,1,13,9,10)
793:(1,1,1,1,1,1,12,8,10)
794:(1,1,1,1,1,1,16,10,10)
795:(1,1,1,1,1,1,16,9,10)
796:(1,1,1,1,1,1,16,11,10)
797:(1,1,1,1,1,1,15,8,10)
798:(1,1,1,1,1,1,17,10,10)
799:(1,1,1,1,1,1,15,9,10)
800:(1,1,1,1,1,1,9,9,10)
801:(1,1,1,1,1,1,12,12,10)
802:(1,1,1,1,1,1,17,11,10)
803:(1,1,1,1,1,1,11,12,10)
804:(1,1,2,1,1,0,16,9,9)
805:(1,0,2,1,2,0,16,9,10)
806:(1,0,0,3,2,0,16,11,10)
807:(1,2,0,3,0,0,15,10,12)
808:(1,2,0,3,0,0,13,10,12)
809:(1,2,0,3,0,0,12,10,11)
810:(1,2,0,3,0,0,18,11,12)
811:(1,2,0,3,0,0,19,11,12)
812:(1,2,1,1,0,1,17,11,11)
813:(1,1,1,2,1,0,17,11,11)
814:(1,1,1,2,1,0,18,11,11)
815:(1,1,1,2,1,0,19,11,11)
816:(1,1,1,2,1,0,18,10,9)
817:(1,1,1,2,1,0,19,10,9)
818:(1,1,2,1,1,0,18,10,9)
819:(1,1,2,1,1,0,19,10,9)
820:(1,1,0,3,1,0,18,13,11)
821:(1,1,0,3,1,0,19,13,11)
822:(1,1,0,3,1,0,19,11,11)
823:(1,1,1,2,1,0,19,10,11)
824:(1,1,0,3,1,0,19,10,11)
825:(1,1,1,2,1,0,18,10,11)
826:(1,1,0,3,1,0,18,10,11)
827:(1,1,0,3,1,0,18,11,9)
828:(1,1,0,3,1,0,19,11,9)
829:(1,2,1,2,0,0,18,8,11)
830:(1,2,1,2,0,0,19,8,11)
831:(1,2,2,1,0,0,18,7,9)
832:(1,2,2,1,0,0,19,7,9)
833:(1,2,2,1,0,0,18,10,11)
834:(1,2,2,1,0,0,19,10,11)
835:(1,2,2,1,0,0,18,8,11)
836:(1,2,2,1,0,0,19,8,11)
837:(1,2,2,1,0,0,18,9,11)
838:(1,2,2,1,0,0,19,9,11)
839:(1,2,1,2,0,0,18,12,11)
840:(1,2,1,2,0,0,19,12,11)
841:(1,2,0,3,0,0,18,14,11)
842:(1,2,0,3,0,0,19,14,11)
843:(1,2,3,0,0,0,18,7,9)
844:(1,2,3,0,0,0,19,7,9)
845:(1,2,3,0,0,0,18,9,9)
846:(1,2,3,0,0,0,19,9,9)
847:(1,2,0,3,0,0,18,13,9)
848:(1,2,0,3,0,0,19,13,9)
849:(1,2,0,3,0,0,19,9,9)
850:(1,2,1,2,0,0,18,13,9)
851:(1,2,1,2,0,0,19,13,9)
852:(1,2,2,1,0,0,18,11,9)
853:(1,2,2,1,0,0,19,11,9)
854:(1,2,0,3,0,0,19,14,10)
855:(1,2,2,0,0,1,17,10,9)
856:(1,1,0,2,1,1,12,10,11)
857:(1,2,2,0,0,1,15,9,9)
858:(1,1,0,2,1,1,13,10,10)
859:(1,1,0,2,1,1,9,11,10)
860:(1,1,0,2,1,1,16,10,10)
861:(1,0,1,1,2,1,9,11,10)
862:(1,0,2,0,2,1,9,10,10)
863:(1,1,1,1,1,1,10,11,9)
864:(1,1,2,0,1,1,10,10,9)
865:(1,0,0,2,2,1,9,12,10)
866:(1,0,1,1,2,1,10,10,10)
867:(1,0,0,2,2,1,10,11,10)
868:(1,0,1,1,2,1,10,11,10)
869:(1,1,1,1,1,1,10,10,11)
870:(1,1,0,2,1,1,10,11,12)
871:(1,0,0,2,2,1,9,11,11)
872:(1,0,1,1,2,1,9,10,11)
873:(1,2,0,3,0,0,14,10,12)
874:(1,1,0,3,1,0,13,10,12)
875:(1,2,0,3,0,0,17,11,12)
876:(1,2,0,2,0,1,16,11,12)
877:(1,2,1,2,0,0,15,12,11)
878:(1,2,2,1,0,0,15,11,11)
879:(1,2,2,1,0,0,15,11,9)
880:(1,1,2,1,1,0,14,11,9)
881:(1,1,1,2,1,0,14,11,11)
882:(1,0,1,2,2,0,13,11,11)
883:(1,1,2,0,1,1,17,10,10)
884:(1,1,1,1,1,1,17,11,11)
885:(1,2,0,3,0,0,14,11,12)
886:(1,1,0,3,1,0,13,11,12)
887:(1,2,0,3,0,0,15,11,12)
888:(1,2,0,3,0,0,13,11,12)
889:(1,1,0,3,1,0,12,11,12)
890:(1,2,2,1,0,0,12,9,11)
891:(1,2,1,2,0,0,12,10,11)
892:(1,2,1,0,0,2,15,10,9)
893:(1,1,1,0,1,2,14,10,9)
894:(1,1,0,3,1,0,10,11,11)
895:(1,2,0,3,0,0,11,11,11)
896:(1,1,0,2,1,1,9,11,11)
897:(1,1,1,2,1,0,10,10,11)
898:(1,0,0,3,2,0,10,11,11)
899:(1,0,1,2,2,0,10,10,11)
900:(1,2,0,3,0,0,17,10,12)
901:(1,2,0,3,0,0,18,10,12)
902:(1,1,0,3,1,0,12,12,12)
903:(1,1,0,3,1,0,13,12,12)
904:(1,1,0,2,1,1,11,12,12)
905:(1,1,1,1,1,1,13,11,11)
906:(1,1,0,2,1,1,10,10,10)
907:(1,0,0,2,2,1,9,10,10)
908:(1,1,0,2,1,1,13,12,11)
909:(1,2,0,2,0,1,13,9,10)
910:(1,2,0,2,0,1,14,9,10)
911:(1,0,0,3,2,0,15,12,10)
912:(1,0,0,3,2,0,16,12,10)
913:(1,2,1,2,0,0,15,10,8)
914:(1,2,1,2,0,0,16,10,8)
915:(1,1,1,2,1,0,15,11,8)
916:(1,1,1,2,1,0,16,11,8)
917:(1,2,1,2,0,0,16,11,8)
918:(1,2,1,2,0,0,15,11,8)
919:(1,1,0,2,1,1,10,11,9)
920:(1,1,0,3,1,0,11,11,9)
921:(1,1,0,2,1,1,15,11,9)
922:(1,1,0,2,1,1,15,10,9)
923:(1,1,1,1,1,1,10,9,9)
924:(1,1,0,2,1,1,10,10,11)
925:(1,1,1,1,1,1,11,9,9)
926:(1,2,0,2,0,1,11,12,11)
927:(1,2,0,2,0,1,12,12,11)
928:(1,2,0,3,0,0,12,12,11)
929:(1,2,0,2,0,1,18,12,11)
930:(1,2,0,2,0,1,19,12,11)
931:(1,2,0,2,0,1,19,13,11)
932:(1,2,0,2,0,1,11,10,11)
933:(1,2,0,2,0,1,10,11,11)
934:(1,2,0,2,0,1,17,9,11)
935:(1,2,0,2,0,1,16,9,11)
936:(1,2,0,2,0,1,17,12,11)
937:(1,1,0,2,1,1,16,12,11)
938:(1,2,0,2,0,1,16,12,11)
939:(1,1,0,2,1,1,15,12,11)
940:(1,2,0,2,0,1,12,12,10)
941:(1,1,0,2,1,1,11,12,10)
942:(1,2,0,2,0,1,11,12,10)
943:(1,2,0,2,0,1,13,12,11)
944:(1,1,1,1,1,1,16,11,9)
945:(1,1,0,2,1,1,16,12,10)
946:(1,2,1,0,0,2,14,11,10)
947:(1,2,1,0,0,2,13,11,10)
948:(1,1,0,2,1,1,11,10,11)
949:(1,0,0,2,2,1,10,10,11)
950:(1,0,0,2,2,1,12,12,11)
951:(1,0,0,3,2,0,11,10,11)
952:(1,0,0,3,2,0,11,12,11)
953:(1,0,0,2,2,1,10,12,11)
954:(1,2,1,2,0,0,18,9,8)
955:(1,2,1,2,0,0,19,9,8)
956:(1,2,1,2,0,0,19,8,8)
957:(1,2,0,3,0,0,19,10,8)
958:(1,2,1,2,0,0,19,10,8)
959:(1,2,1,2,0,0,18,10,8)
960:(1,2,1,2,0,0,19,11,8)
961:(1,2,0,3,0,0,18,10,8)
962:(1,2,1,2,0,0,18,8,8)
963:(1,2,2,1,0,0,18,8,8)
964:(1,2,0,2,0,1,13,10,9)
965:(1,1,0,2,1,1,12,10,9)
966:(1,1,0,2,1,1,10,12,11)
967:(1,1,0,3,1,0,11,12,11)
968:(1,1,0,3,1,0,11,10,11)
969:(1,1,0,2,1,1,14,10,11)
970:(1,1,0,3,1,0,15,10,11)
971:(1,0,0,3,2,0,16,12,11)
972:(1,0,0,3,2,0,17,12,11)
973:(1,0,0,3,2,0,18,12,11)
974:(1,0,0,3,2,0,14,12,11)
975:(1,0,0,3,2,0,15,12,11)
976:(1,0,0,3,2,0,13,11,11)
977:(1,0,0,3,2,0,14,11,11)
978:(1,0,0,3,2,0,12,12,11)
979:(1,0,0,3,2,0,12,10,11)
980:(1,1,0,3,1,0,14,9,11)
981:(1,1,0,3,1,0,15,9,11)
982:(1,1,0,3,1,0,16,10,11)
983:(1,1,0,3,1,0,17,10,11)
984:(1,1,0,3,1,0,13,8,11)
985:(1,2,0,3,0,0,14,8,11)
986:(1,1,0,3,1,0,13,8,10)
987:(1,1,0,2,1,1,12,9,11)
988:(1,1,0,2,1,1,12,9,10)
989:(1,0,0,3,2,0,12,10,10)
990:(1,0,0,2,2,1,11,10,10)
991:(1,0,0,3,2,0,11,10,10)
992:(1,0,0,3,2,0,12,10,9)
993:(1,2,2,0,0,1,13,9,11)
994:(1,1,2,0,1,1,12,9,11)
995:(1,2,2,0,0,1,15,9,11)
996:(1,1,2,0,1,1,14,9,11)
997:(1,2,2,1,0,0,14,9,11)
998:(1,2,2,1,0,0,16,9,11)
999:(1,2,2,0,0,1,18,9,11)
1000:(1,2,2,0,0,1,19,9,11)
1001:(1,2,2,0,0,1,19,10,11)
1002:(1,2,1,1,0,1,19,10,12)
1003:(1,2,2,0,0,1,17,9,11)
1004:(1,2,2,0,0,1,17,10,11)
1005:(1,2,2,0,0,1,18,10,11)
1006:(1,2,2,1,0,0,14,8,11)
1007:(1,2,2,1,0,0,14,10,11)
1008:(1,2,2,1,0,0,13,9,11)
1009:(1,2,2,1,0,0,13,10,11)
1010:(1,2,2,1,0,0,17,9,11)
1011:(1,2,2,1,0,0,17,8,11)
1012:(1,2,2,1,0,0,17,10,11)
1013:(1,2,2,1,0,0,16,10,11)
1014:(1,2,2,1,0,0,15,9,11)
1015:(1,2,2,1,0,0,15,10,11)
1016:(1,2,2,1,0,0,15,8,11)
1017:(1,2,2,0,0,1,11,9,11)
1018:(1,2,2,1,0,0,16,8,11)
1019:(1,1,2,1,1,0,14,9,11)
1020:(1,1,2,1,1,0,12,10,11)
1021:(1,2,2,1,0,0,12,10,11)
1022:(1,2,2,1,0,0,12,8,11)
1023:(1,2,2,0,0,1,18,8,11)
1024:(1,2,2,0,0,1,17,8,11)
1025:(1,1,0,3,1,0,14,12,12)
1026:(1,1,3,0,1,0,17,9,10)
1027:(1,1,3,0,1,0,17,9,9)
1028:(1,2,1,2,0,0,16,8,11)
1029:(1,2,0,3,0,0,16,9,12)
1030:(1,1,2,1,1,0,17,10,11)
1031:(1,2,0,2,0,1,14,12,9)
1032:(1,1,0,2,1,1,13,12,9)
1033:(1,2,0,2,0,1,13,12,9)
1034:(1,2,0,3,0,0,14,12,9)
1035:(1,1,0,3,1,0,13,12,9)
1036:(1,2,0,3,0,0,13,12,9)
1037:(1,1,0,3,1,0,17,12,9)
1038:(1,1,0,3,1,0,17,13,9)
1039:(1,1,0,2,1,1,16,12,9)
1040:(1,1,0,3,1,0,18,12,9)
1041:(1,1,0,3,1,0,19,12,9)
1042:(1,1,0,2,1,1,17,12,11)
1043:(1,1,0,2,1,1,18,12,11)
1044:(1,1,0,2,1,1,19,12,11)
1045:(1,0,0,3,2,0,19,12,11)
1046:(1,2,0,3,0,0,18,12,12)
1047:(1,2,0,3,0,0,19,12,12)
1048:(1,2,1,2,0,0,19,11,12)
1049:(1,2,0,3,0,0,19,13,12)
1050:(1,2,1,2,0,0,18,11,12)
1051:(1,2,0,3,0,0,18,13,12)
1052:(1,2,0,3,0,0,17,12,12)
1053:(1,1,0,3,1,0,17,12,12)
1054:(1,0,1,2,2,0,12,11,11)
1055:(1,1,0,3,1,0,16,9,11)
1056:(1,1,0,3,1,0,16,9,10)
1057:(1,1,0,2,1,1,11,10,10)
1058:(1,2,1,0,0,2,15,10,11)
1059:(1,1,1,0,1,2,14,10,11)
1060:(1,2,1,0,0,2,15,11,11)
1061:(1,2,1,0,0,2,15,9,11)
1062:(1,2,0,2,0,1,16,13,11)
1063:(1,2,1,1,0,1,13,11,11)
1064:(1,2,1,1,0,1,14,9,11)
1065:(1,2,2,0,0,1,14,8,11)
1066:(1,2,1,1,0,1,14,11,11)
1067:(1,2,2,0,0,1,14,10,11)
1068:(1,2,0,2,0,1,14,10,12)
1069:(1,2,0,2,0,1,14,12,12)
1070:(1,2,1,1,0,1,13,9,11)
1071:(1,2,0,2,0,1,13,10,12)
1072:(1,2,1,1,0,1,15,9,11)
1073:(1,2,0,2,0,1,15,10,12)
1074:(1,2,1,1,0,1,15,11,11)
1075:(1,2,0,2,0,1,15,12,12)
1076:(1,2,1,1,0,1,15,12,11)
1077:(1,2,1,1,0,1,14,12,11)
1078:(1,2,1,1,0,1,13,12,11)
1079:(1,2,2,0,0,1,13,8,11)
1080:(1,1,2,0,1,1,15,10,10)
1081:(1,1,2,0,1,1,15,10,9)
1082:(1,1,1,1,1,1,15,11,11)
1083:(1,2,0,1,0,2,14,11,9)
1084:(1,2,1,0,0,2,14,10,9)
1085:(1,2,0,1,0,2,14,10,9)
1086:(1,2,0,1,0,2,13,11,9)
1087:(1,2,0,1,0,2,14,12,9)
1088:(1,1,0,2,1,1,14,11,9)
1089:(1,1,0,2,1,1,14,12,9)
1090:(1,1,1,2,1,0,11,10,11)
1091:(1,1,1,1,1,1,9,10,11)
1092:(1,1,1,1,1,1,10,11,11)
1093:(1,2,0,2,0,1,18,10,11)
1094:(1,2,1,1,0,1,18,9,11)
1095:(1,2,0,1,0,2,10,11,11)
1096:(1,2,0,2,0,1,11,11,11)
1097:(1,2,0,1,0,2,11,11,11)
1098:(1,2,0,1,0,2,11,11,10)
1099:(1,2,0,1,0,2,14,11,10)
1100:(1,2,1,2,0,0,12,11,11)
1101:(1,2,1,2,0,0,12,9,8)
1102:(1,2,1,2,0,0,13,9,8)
1103:(1,0,0,3,2,0,10,11,10)
1104:(1,1,0,2,1,1,14,12,11)
1105:(1,2,1,0,0,2,13,10,10)
1106:(1,2,1,0,0,2,12,10,10)
1107:(1,2,1,0,0,2,16,10,10)
1108:(1,2,1,0,0,2,15,10,10)
1109:(1,0,2,1,2,0,11,9,10)
1110:(1,0,2,1,2,0,10,9,10)
1111:(1,0,2,0,2,1,10,9,10)
1112:(1,1,2,0,1,1,16,8,10)
1113:(1,1,2,0,1,1,15,8,10)
1114:(1,1,1,0,1,2,11,10,10)
1115:(1,1,1,0,1,2,10,10,10)
1116:(1,1,0,1,1,2,11,11,10)
1117:(1,1,0,1,1,2,10,11,10)
1118:(1,2,0,3,0,0,16,10,12)
1119:(1,2,0,3,0,0,16,11,12)
1120:(1,2,0,2,0,1,15,11,12)
1121:(1,1,0,3,1,0,15,11,12)
1122:(1,1,0,2,1,1,14,11,12)
1123:(1,1,1,2,1,0,15,9,11)
1124:(1,1,1,1,1,1,14,9,11)
1125:(1,2,1,0,0,2,17,10,11)
1126:(1,2,1,0,0,2,17,10,10)
1127:(1,2,0,1,0,2,13,12,11)
1128:(1,2,0,1,0,2,13,12,10)
1129:(1,2,0,1,0,2,13,11,11)
1130:(1,2,0,1,0,2,13,13,11)
1131:(1,2,0,1,0,2,14,12,11)
1132:(1,2,1,1,0,1,19,9,11)
1133:(1,2,0,2,0,1,19,10,11)
1134:(1,2,0,2,0,1,19,10,12)
1135:(1,0,2,1,2,0,14,10,10)
1136:(1,0,3,0,2,0,14,9,10)
1137:(1,0,1,2,2,0,15,9,9)
1138:(1,0,0,3,2,0,15,10,10)
1139:(1,0,3,0,2,0,13,8,10)
1140:(1,0,2,1,2,0,13,9,10)
1141:(1,1,2,0,1,1,13,9,11)
1142:(1,0,1,0,2,2,8,10,10)
1143:(1,0,0,1,2,2,8,11,10)
1144:(1,2,0,1,0,2,12,10,11)
1145:(1,1,0,1,1,2,11,10,11)
1146:(1,2,0,3,0,0,14,13,11)
1147:(1,2,0,2,0,1,13,13,11)
1148:(1,1,0,3,1,0,14,13,11)
1149:(1,1,0,2,1,1,13,13,11)
1150:(1,2,0,1,0,2,11,10,11)
1151:(1,1,1,1,1,1,10,9,11)
1152:(1,2,1,1,0,1,10,10,11)
1153:(1,1,2,1,1,0,12,9,11)
1154:(1,1,1,2,1,0,11,9,11)
1155:(1,2,3,0,0,0,16,7,10)
1156:(1,2,3,0,0,0,15,7,10)
1157:(1,1,3,0,1,0,15,7,10)
1158:(1,2,3,0,0,0,15,6,10)
1159:(1,2,3,0,0,0,14,10,10)
1160:(1,2,3,0,0,0,15,10,10)
1161:(1,2,3,0,0,0,15,8,9)
1162:(1,2,3,0,0,0,15,7,9)
1163:(1,0,1,1,2,1,11,9,10)
1164:(1,0,0,2,2,1,11,10,11)
1165:(1,1,2,1,1,0,16,8,10)
1166:(1,1,2,1,1,0,15,7,10)
1167:(1,1,2,1,1,0,16,7,10)
1168:(1,1,2,1,1,0,17,7,10)
1169:(1,1,2,1,1,0,17,11,10)
1170:(1,1,2,1,1,0,16,11,10)
1171:(1,1,2,1,1,0,15,11,10)
1172:(1,1,2,1,1,0,17,12,10)
1173:(1,1,2,1,1,0,16,12,10)
1174:(1,1,2,0,1,1,16,8,9)
1175:(1,1,2,0,1,1,16,7,10)
1176:(1,1,2,0,1,1,16,9,10)
1177:(1,1,2,1,1,0,16,8,9)
1178:(1,1,2,0,1,1,16,10,10)
1179:(1,1,2,0,1,1,16,10,9)
1180:(1,1,2,0,1,1,17,11,10)
1181:(1,1,1,2,1,0,17,13,10)
1182:(1,1,0,3,1,0,17,14,11)
1183:(1,1,0,3,1,0,17,14,10)
1184:(1,1,1,1,1,1,15,9,11)
1185:(1,1,1,1,1,1,16,9,11)
1186:(1,1,2,0,1,1,15,9,10)
1187:(1,1,2,0,1,1,17,8,10)
1188:(1,1,1,1,1,1,17,9,10)
1189:(1,1,1,2,1,0,17,8,10)
1190:(1,1,2,0,1,1,15,7,10)
1191:(1,1,2,0,1,1,10,10,10)
1192:(1,1,2,1,1,0,11,10,10)
1193:(1,2,2,0,0,1,16,11,10)
1194:(1,2,2,0,0,1,17,11,10)
1195:(1,2,2,0,0,1,18,10,10)
1196:(1,2,2,0,0,1,19,10,10)
1197:(1,1,0,2,1,1,15,10,11)
1198:(1,0,1,2,2,0,13,10,9)
1199:(1,0,1,2,2,0,12,10,9)
1200:(1,2,1,1,0,1,12,10,9)
1201:(1,1,1,1,1,1,11,10,9)
1202:(1,2,0,1,0,2,12,11,11)
1203:(1,2,1,0,0,2,10,10,9)
1204:(1,2,1,1,0,1,11,10,9)
1205:(1,0,0,3,2,0,13,12,10)
1206:(1,0,0,3,2,0,13,11,10)
1207:(1,0,0,3,2,0,15,11,11)
1208:(1,0,0,3,2,0,16,11,11)
1209:(1,0,0,3,2,0,17,11,11)
1210:(1,0,0,3,2,0,18,11,11)
1211:(1,0,0,3,2,0,19,11,11)
1212:(1,1,2,0,1,1,14,9,10)
1213:(1,1,2,0,1,1,14,10,10)
1214:(1,1,1,1,1,1,14,11,11)
1215:(1,1,1,1,1,1,10,8,10)
1216:(1,1,1,2,1,0,11,8,10)
1217:(1,1,2,0,1,1,10,7,10)
1218:(1,0,1,1,2,1,12,10,10)
1219:(1,0,0,2,2,1,12,11,11)
1220:(1,0,1,1,2,1,13,10,10)
1221:(1,1,1,1,1,1,16,8,10)
1222:(1,1,1,1,1,1,16,7,10)
1223:(1,2,1,1,0,1,17,8,11)
1224:(1,2,0,2,0,1,17,13,11)
1225:(1,2,1,1,0,1,17,12,11)
1226:(1,1,1,0,1,2,13,9,10)
1227:(1,1,1,0,1,2,12,9,10)
1228:(1,0,0,3,2,0,13,10,11)
1229:(1,0,1,2,2,0,15,11,11)
1230:(1,1,1,0,1,2,13,10,9)
1231:(1,1,1,1,1,1,13,10,8)
1232:(1,1,1,2,1,0,14,10,8)
1233:(1,1,2,0,1,1,13,9,8)
1234:(1,0,1,1,2,1,9,10,9)
1235:(1,0,2,0,2,1,9,9,9)
1236:(1,1,2,0,1,1,9,10,10)
1237:(1,1,0,3,1,0,11,10,10)
1238:(1,2,0,2,0,1,14,13,10)
1239:(1,2,0,2,0,1,13,13,10)
1240:(1,2,0,2,0,1,10,12,10)
1241:(1,2,0,1,0,2,15,10,10)
1242:(1,2,0,1,0,2,14,10,10)
1243:(1,2,1,0,0,2,13,10,9)
1244:(1,2,1,0,0,2,12,10,9)
1245:(1,0,0,3,2,0,12,11,12)
1246:(1,1,1,2,1,0,13,10,12)
1247:(1,2,1,2,0,0,13,10,12)
1248:(1,0,1,2,2,0,13,10,11)
1249:(1,0,0,3,2,0,13,11,9)
1250:(1,0,1,2,2,0,13,11,9)
1251:(1,1,0,1,1,2,11,10,10)
1252:(1,1,1,0,1,2,11,11,10)
1253:(1,1,1,0,1,2,11,9,10)
1254:(1,1,1,0,1,2,11,8,10)
1255:(1,0,1,1,2,1,11,8,10)
1256:(1,0,1,1,2,1,11,11,10)
1257:(1,0,0,2,2,1,11,12,10)
1258:(1,1,0,1,1,2,11,12,10)
1259:(1,2,2,1,0,0,14,8,9)
1260:(1,2,2,1,0,0,13,8,9)
1261:(1,2,0,2,0,1,16,11,8)
1262:(1,2,0,3,0,0,17,11,8)
1263:(1,2,2,0,0,1,13,11,10)
1264:(1,2,2,0,0,1,13,10,10)
1265:(1,1,2,0,1,1,14,9,9)
1266:(1,1,1,2,1,0,11,9,9)
1267:(1,1,1,1,1,1,11,11,9)
1268:(1,1,1,2,1,0,12,11,9)
1269:(1,1,1,1,1,1,12,11,9)
1270:(1,2,1,1,0,1,13,11,9)
1271:(1,1,1,1,1,1,14,9,9)
1272:(1,1,1,1,1,1,15,9,9)
1273:(1,2,1,1,0,1,12,11,9)
1274:(1,1,2,1,1,0,11,9,9)
1275:(1,1,2,1,1,0,12,9,9)
1276:(1,1,2,1,1,0,12,8,9)
1277:(1,0,2,1,2,0,11,8,9)
1278:(1,0,2,1,2,0,11,9,9)
1279:(1,1,1,2,1,0,12,12,10)
1280:(1,0,1,2,2,0,11,12,10)
1281:(1,1,0,3,1,0,11,12,10)
1282:(1,1,1,2,1,0,13,12,10)
1283:(1,1,0,3,1,0,13,13,10)
1284:(1,1,1,2,1,0,15,12,10)
1285:(1,1,0,3,1,0,15,13,10)
1286:(1,1,0,3,1,0,17,9,10)
1287:(1,1,1,2,1,0,12,8,10)
1288:(1,1,0,3,1,0,12,9,10)
1289:(1,1,0,3,1,0,12,9,11)
1290:(1,1,0,3,1,0,15,13,11)
1291:(1,2,0,1,0,2,10,11,10)
1292:(1,2,2,1,0,0,12,8,9)
1293:(1,2,2,1,0,0,12,8,8)
1294:(1,2,0,2,0,1,18,10,12)
1295:(1,2,0,3,0,0,19,10,12)
1296:(1,1,1,2,1,0,14,10,12)
1297:(1,1,2,1,1,0,14,10,11)
1298:(1,1,2,1,1,0,12,8,11)
1299:(1,1,2,1,1,0,11,8,10)
1300:(1,1,1,2,1,0,11,11,11)
1301:(1,1,3,0,1,0,12,7,10)
1302:(1,1,2,1,1,0,12,7,10)
1303:(1,1,1,2,1,0,12,8,11)
1304:(1,1,3,0,1,0,12,9,10)
1305:(1,1,1,2,1,0,14,9,11)
1306:(1,1,1,2,1,0,13,9,11)
1307:(1,1,1,2,1,0,13,8,11)
1308:(1,1,1,2,1,0,17,10,11)
1309:(1,1,1,2,1,0,17,9,11)
1310:(1,0,1,1,2,1,8,11,10)
1311:(1,1,1,0,1,2,9,11,10)
1312:(1,1,1,0,1,2,8,11,10)
1313:(1,1,1,0,1,2,9,9,10)
1314:(1,0,1,0,2,2,8,9,10)
1315:(1,1,1,0,1,2,8,9,10)
1316:(1,1,0,1,1,2,9,10,10)
1317:(1,1,0,1,1,2,9,12,10)
1318:(1,1,1,2,1,0,9,10,10)
1319:(1,2,1,2,0,0,10,10,10)
1320:(1,1,2,1,1,0,15,9,11)
1321:(1,1,0,3,1,0,13,13,11)
1322:(1,2,0,3,0,0,16,14,11)
1323:(1,2,0,3,0,0,17,14,11)
1324:(1,2,0,3,0,0,15,14,11)
1325:(1,2,0,3,0,0,13,13,11)
1326:(1,0,1,1,2,1,13,9,10)
1327:(1,0,2,0,2,1,13,8,10)
1328:(1,1,1,0,1,2,13,8,10)
1329:(1,1,1,1,1,1,12,9,9)
1330:(1,1,2,0,1,1,12,8,9)
1331:(1,1,0,2,1,1,14,10,10)
1332:(1,2,1,0,0,2,11,9,10)
1333:(1,2,1,1,0,1,12,8,10)
1334:(1,2,0,2,0,1,12,9,11)
1335:(1,2,2,0,0,1,14,8,10)
1336:(1,1,2,0,1,1,13,9,10)
1337:(1,1,2,0,1,1,13,8,10)
1338:(1,2,2,0,0,1,14,8,9)
1339:(1,1,2,0,1,1,12,8,10)
1340:(1,1,2,0,1,1,11,8,10)
1341:(1,1,3,0,1,0,11,8,9)
1342:(1,1,2,1,1,0,11,8,9)
1343:(1,2,2,1,0,0,12,9,9)
1344:(1,1,2,1,1,0,11,9,11)
1345:(1,1,2,1,1,0,17,9,11)
1346:(1,1,1,1,1,1,16,10,11)
1347:(1,1,2,0,1,1,17,9,10)
1348:(1,1,0,2,1,1,10,12,10)
1349:(1,0,1,1,2,1,11,10,9)
1350:(1,0,0,3,2,0,12,12,10)
1351:(1,2,1,0,0,2,11,10,9)
1352:(1,0,1,1,2,1,10,9,10)
1353:(1,1,1,0,1,2,10,9,10)
1354:(1,1,1,0,1,2,10,11,10)
1355:(1,2,1,1,0,1,18,8,10)
1356:(1,2,0,2,0,1,18,9,10)
1357:(1,2,0,2,0,1,18,9,11)
1358:(1,2,0,2,0,1,19,9,11)
1359:(1,2,1,1,0,1,18,8,9)
1360:(1,2,1,1,0,1,19,8,9)
1361:(1,1,0,3,1,0,17,9,11)
1362:(1,1,1,2,1,0,17,8,9)
1363:(1,2,1,2,0,0,17,7,10)
1364:(1,2,1,2,0,0,17,7,9)
1365:(1,2,1,1,0,1,11,9,9)
1366:(1,2,2,0,0,1,11,8,9)
1367:(1,2,0,3,0,0,14,12,12)
1368:(1,2,0,2,0,1,13,11,12)
1369:(1,2,0,3,0,0,13,12,12)
1370:(1,1,0,3,1,0,14,11,12)
1371:(1,2,0,3,0,0,15,12,12)
1372:(1,2,0,3,0,0,16,12,12)
1373:(1,2,0,3,0,0,12,11,12)
1374:(1,1,0,3,1,0,16,11,12)
1375:(1,0,1,1,2,1,11,12,10)
1376:(1,1,1,0,1,2,11,12,10)
1377:(1,1,1,2,1,0,14,12,10)
1378:(1,2,1,2,0,0,14,13,10)
1379:(1,2,1,1,0,1,13,13,10)
1380:(1,2,1,2,0,0,16,13,10)
1381:(1,2,1,1,0,1,15,13,10)
1382:(1,2,1,2,0,0,15,13,10)
1383:(1,2,1,2,0,0,13,13,10)
1384:(1,0,1,2,2,0,11,8,10)
1385:(1,1,1,2,1,0,10,9,10)
1386:(1,0,1,2,2,0,9,9,10)
1387:(1,1,1,2,1,0,11,12,10)
1388:(1,0,1,2,2,0,10,8,10)
1389:(1,0,2,1,2,0,10,8,10)
1390:(1,1,2,0,1,1,11,8,9)
1391:(1,1,0,1,1,2,12,11,10)
1392:(1,1,0,1,1,2,12,11,9)
1393:(1,1,1,0,1,2,11,10,9)
1394:(1,1,0,2,1,1,14,10,9)
1395:(1,1,0,2,1,1,14,9,10)
1396:(1,2,2,0,0,1,15,7,10)
1397:(1,1,2,0,1,1,14,7,10)
1398:(1,2,1,2,0,0,17,10,8)
1399:(1,1,2,1,1,0,16,9,11)
1400:(1,1,2,0,1,1,15,8,9)
1401:(1,1,0,2,1,1,17,10,10)
1402:(1,2,0,2,0,1,18,10,10)
1403:(1,2,0,2,0,1,19,10,10)
1404:(1,2,1,1,0,1,11,8,10)
1405:(1,1,2,0,1,1,12,10,10)
1406:(1,1,1,1,1,1,10,12,10)
1407:(1,2,1,1,0,1,11,12,10)
1408:(1,2,1,1,0,1,13,9,9)
1409:(1,2,2,1,0,0,11,10,10)
1410:(1,2,2,1,0,0,11,9,10)
1411:(1,1,0,2,1,1,11,11,9)
1412:(1,2,0,3,0,0,16,9,10)
1413:(1,2,0,2,0,1,15,9,10)
1414:(1,1,0,3,1,0,15,9,10)
1415:(1,2,1,2,0,0,12,9,11)
1416:(1,2,1,2,0,0,12,8,11)
1417:(1,2,0,3,0,0,12,10,12)
1418:(1,2,2,0,0,1,13,10,9)
1419:(1,0,1,2,2,0,17,10,9)
1420:(1,0,1,1,2,1,16,10,9)
1421:(1,0,0,2,2,1,16,11,11)
1422:(1,0,0,3,2,0,17,11,10)
1423:(1,0,2,1,2,0,17,9,9)
1424:(1,0,2,1,2,0,12,9,9)
1425:(1,0,1,2,2,0,11,10,9)
1426:(1,0,0,3,2,0,18,11,10)
1427:(1,0,2,1,2,0,15,9,10)
1428:(1,0,2,1,2,0,15,9,9)
1429:(1,0,2,1,2,0,17,9,10)
1430:(1,0,2,1,2,0,13,9,9)
1431:(1,0,2,1,2,0,18,9,10)
1432:(1,0,1,2,2,0,17,11,10)
1433:(1,0,1,2,2,0,18,11,10)
1434:(1,0,2,1,2,0,15,8,10)
1435:(1,0,2,1,2,0,16,8,10)
1436:(1,0,2,1,2,0,15,10,10)
1437:(1,0,2,1,2,0,13,10,10)
1438:(1,0,0,3,2,0,14,12,10)
1439:(1,0,2,1,2,0,19,9,10)
1440:(1,0,0,3,2,0,19,11,10)
1441:(1,0,1,2,2,0,19,11,10)
1442:(1,0,1,2,2,0,17,10,11)
1443:(1,0,2,1,2,0,17,10,10)
1444:(1,0,0,3,2,0,17,12,10)
1445:(1,0,2,1,2,0,17,8,10)
1446:(1,0,0,3,2,0,17,10,10)
1447:(1,0,0,3,2,0,15,11,9)
1448:(1,0,0,3,2,0,14,11,9)
1449:(1,2,2,0,0,1,16,7,10)
1450:(1,2,3,0,0,0,11,8,10)
1451:(1,2,2,1,0,0,11,11,10)
1452:(1,2,3,0,0,0,11,9,10)
1453:(1,2,2,1,0,0,12,8,10)
1454:(1,2,3,0,0,0,12,7,10)
1455:(1,2,2,1,0,0,14,9,9)
1456:(1,2,2,1,0,0,13,10,9)
1457:(1,2,2,1,0,0,13,9,9)
1458:(1,2,2,0,0,1,12,8,9)
1459:(1,1,1,1,1,1,15,11,9)
1460:(1,1,2,0,1,1,11,9,9)
1461:(1,2,1,2,0,0,16,9,8)
1462:(1,2,1,2,0,0,15,9,8)
1463:(1,1,1,1,1,1,13,9,11)
1464:(1,2,1,2,0,0,15,8,11)
1465:(1,2,1,1,0,1,14,8,11)
1466:(1,1,1,2,1,0,14,8,11)
1467:(1,2,1,2,0,0,14,8,11)
1468:(1,2,1,2,0,0,14,12,11)
1469:(1,2,1,2,0,0,16,12,11)
1470:(1,2,2,1,0,0,14,7,11)
1471:(1,2,2,1,0,0,15,7,11)
1472:(1,2,1,2,0,0,15,7,11)
1473:(1,2,1,2,0,0,17,8,11)
1474:(1,2,1,2,0,0,13,12,11)
1475:(1,2,1,2,0,0,17,12,11)
1476:(1,2,0,2,0,1,18,11,12)
1477:(1,2,0,2,0,1,17,11,12)
1478:(1,1,0,2,1,1,15,11,12)
1479:(1,1,0,2,1,1,16,11,12)
1480:(1,1,0,2,1,1,17,11,12)
1481:(1,1,0,2,1,1,12,11,12)
1482:(1,0,0,2,2,1,14,11,11)
1483:(1,0,0,2,2,1,15,11,11)
1484:(1,1,1,1,1,1,11,11,11)
1485:(1,1,1,1,1,1,11,12,11)
1486:(1,0,1,2,2,0,11,11,11)
1487:(1,1,1,2,1,0,15,10,12)
1488:(1,1,1,1,1,1,11,9,11)
1489:(1,0,1,2,2,0,12,9,9)
1490:(1,2,1,1,0,1,11,11,9)
1491:(1,1,0,2,1,1,11,13,10)
1492:(1,1,0,2,1,1,16,13,10)
1493:(1,2,2,0,0,1,15,10,9)
1494:(1,2,2,0,0,1,14,10,9)
1495:(1,1,0,3,1,0,16,11,8)
1496:(1,1,1,2,1,0,16,10,8)
1497:(1,2,1,1,0,1,10,10,9)
1498:(1,2,1,2,0,0,11,10,9)
1499:(1,1,1,0,1,2,9,10,9)
1500:(-1,-1,-1,-1,-1,-1,-1,-1,-1)