(S1,S2)
0:(1,40)
1:(1,41)
2:(1,42)
3:(1,43)
4:(1,44)
5:(1,45)
6:(1,46)
7:(1,47)
8:(1,48)
9:(1,49)
10:(1,50)
11:(1,51)
12:(1,52)
13:(1,53)
14:(1,54)
15:(1,55)
16:(1,56)
17:(1,57)
18:(1,58)
19:(1,59)
20:(1,60)
21:(1,61)
22:(1,62)
23:(1,63)
24:(1,64)
25:(1,65)
26:(1,66)
27:(1,67)
28:(1,68)
29:(1,69)
30:(1,70)
31:(1,39)
32:(1,38)
33:(1,37)
34:(1,71)
35:(1,36)
36:(1,72)
37:(1,35)
38:(1,73)
39:(1,34)
40:(1,74)
41:(1,75)
42:(1,33)
43:(1,76)
44:(1,32)
45:(1,31)
46:(1,77)
47:(1,30)
48:(1,78)
49:(1,79)
50:(1,29)
51:(1,28)
52:(1,80)
53:(1,81)
54:(1,27)
55:(1,82)
56:(1,26)
57:(1,83)
58:(1,25)
59:(1,24)
60:(1,84)
61:(1,85)
62:(1,23)
63:(1,22)
64:(1,86)
65:(1,21)
66:(1,87)
67:(1,88)
68:(1,20)
69:(1,89)
70:(1,19)
71:(1,90)
72:(1,18)
73:(1,17)
74:(1,91)
75:(1,92)
76:(1,16)
77:(1,93)
78:(1,15)
79:(1,94)
80:(1,14)
81:(1,13)
82:(1,95)
83:(1,96)
84:(1,12)
85:(1,97)
86:(1,11)
87:(1,10)
88:(1,98)
89:(1,9)
90:(1,99)
91:(1,100)
92:(1,8)
93:(1,7)
94:(1,101)
95:(1,6)
96:(1,102)
97:(1,5)
98:(1,103)
99:(1,4)
100:(1,104)
101:(1,3)
102:(1,105)
103:(1,2)
104:(1,106)
105:(1,1)
106:(1,107)
107:(1,0)
108:(1,108)
109:(1,109)
110:(1,110)
111:(1,111)
112:(1,112)
113:(1,113)
114:(1,114)
115:(1,115)
116:(1,116)
117:(1,117)
118:(1,118)
119:(1,119)
120:(1,120)
121:(1,121)
122:(1,122)
123:(1,123)
124:(1,124)
125:(1,125)
126:(1,126)
127:(1,127)
128:(1,128)
129:(1,129)
130:(1,130)
131:(1,131)
132:(1,132)
133:(1,133)
134:(1,134)
135:(1,135)
136:(1,136)
137:(1,137)
138:(1,138)
139:(1,139)
140:(1,140)
141:(1,141)
142:(1,142)
143:(1,143)
144:(1,144)
145:(1,145)
146:(1,146)
147:(1,147)
148:(1,148)
149:(-1,-1)