(R,L,RL,G,Ga,Gbg,Gd)
0:(50,2,0,50,0,0,0)
1:(50,2,1,50,0,0,0)
2:(49,2,2,50,0,0,0)
3:(49,2,1,49,1,1,0)
4:(49,2,2,49,1,1,0)
5:(48,2,3,49,1,1,0)
6:(47,2,4,49,1,1,0)
7:(47,2,3,48,2,2,0)
8:(47,2,2,47,3,3,0)
9:(47,2,1,46,4,4,0)
10:(47,2,0,45,5,5,0)
11:(47,2,1,45,5,5,0)
12:(47,2,0,44,6,6,0)
13:(47,2,1,44,6,6,0)
14:(46,2,2,44,6,6,0)
15:(46,2,1,43,7,7,0)
16:(46,2,2,43,7,7,0)
17:(46,2,1,42,8,8,0)
18:(45,2,2,42,8,8,0)
19:(45,2,1,41,9,9,0)
20:(45,2,0,40,10,10,0)
21:(44,2,1,40,10,10,0)
22:(44,2,2,40,10,10,0)
23:(44,2,1,39,11,11,0)
24:(44,2,0,38,12,12,0)
25:(44,2,1,38,12,12,0)
26:(44,2,2,38,12,12,0)
27:(43,2,3,38,12,12,0)
28:(43,2,2,37,13,13,0)
29:(43,2,1,36,14,14,0)
30:(43,2,0,35,15,15,0)
31:(43,2,1,35,15,15,0)
32:(43,2,2,35,15,15,0)
33:(43,2,1,34,16,16,0)
34:(43,2,2,34,16,16,0)
35:(43,2,3,34,16,16,0)
36:(43,2,4,34,16,16,0)
37:(43,2,3,33,17,17,0)
38:(43,2,2,32,18,18,0)
39:(43,2,1,31,19,19,0)
40:(43,2,0,30,20,20,0)
41:(43,2,1,30,20,20,0)
42:(43,2,2,30,20,20,0)
43:(42,2,3,30,20,20,0)
44:(41,2,4,30,20,20,0)
45:(41,2,3,29,21,21,0)
46:(41,2,2,28,22,22,0)
47:(41,2,1,27,23,23,0)
48:(41,2,0,26,24,24,0)
49:(41,2,1,26,24,24,0)
50:(41,2,0,25,25,25,0)
51:(40,2,1,25,25,25,0)
52:(40,2,0,24,26,26,0)
53:(39,2,1,24,26,26,0)
54:(39,2,2,24,26,26,0)
55:(38,2,3,24,26,26,0)
56:(38,2,2,23,27,27,0)
57:(38,2,1,22,28,28,0)
58:(38,2,0,21,29,29,0)
59:(38,2,1,21,29,29,0)
60:(38,2,0,20,30,30,0)
61:(38,2,1,20,30,30,0)
62:(38,2,0,19,31,31,0)
63:(38,2,1,19,31,31,0)
64:(38,2,0,18,32,32,0)
65:(37,2,1,18,32,32,0)
66:(37,2,0,17,33,33,0)
67:(37,2,1,17,33,33,0)
68:(37,2,2,17,33,33,0)
69:(37,2,1,16,34,34,0)
70:(37,2,0,15,35,35,0)
71:(37,2,1,15,35,35,0)
72:(37,2,0,14,36,36,0)
73:(36,2,1,14,36,36,0)
74:(36,2,2,14,36,36,0)
75:(35,2,3,14,36,36,0)
76:(34,2,4,14,36,36,0)
77:(34,2,3,13,37,37,0)
78:(34,2,2,12,38,38,0)
79:(34,2,1,11,39,39,0)
80:(34,2,0,10,40,40,0)
81:(34,2,1,10,40,40,0)
82:(33,2,2,10,40,40,0)
83:(32,2,3,10,40,40,0)
84:(32,2,2,9,41,41,0)
85:(32,2,1,8,42,42,0)
86:(32,2,0,7,43,43,0)
87:(31,2,1,7,43,43,0)
88:(30,2,2,7,43,43,0)
89:(30,2,1,6,44,44,0)
90:(30,2,0,5,45,45,0)
91:(30,2,1,5,45,45,0)
92:(29,2,2,5,45,45,0)
93:(29,2,1,4,46,46,0)
94:(29,2,0,3,47,47,0)
95:(29,2,1,3,47,47,0)
96:(29,2,2,3,47,47,0)
97:(29,2,1,2,48,48,0)
98:(28,2,2,2,48,48,0)
99:(28,2,1,1,49,49,0)
100:(28,2,0,0,50,50,0)
101:(49,2,1,50,0,0,0)
102:(49,2,0,49,1,1,0)
103:(49,2,0,48,2,2,0)
104:(48,2,1,48,2,2,0)
105:(47,2,2,48,2,2,0)
106:(47,2,1,47,3,3,0)
107:(46,2,2,45,5,5,0)
108:(46,2,1,44,6,6,0)
109:(45,2,3,44,6,6,0)
110:(45,2,2,43,7,7,0)
111:(45,2,1,42,8,8,0)
112:(45,2,0,41,9,9,0)
113:(44,2,3,40,10,10,0)
114:(44,2,2,39,11,11,0)
115:(44,2,0,37,13,13,0)
116:(43,2,1,37,13,13,0)
117:(43,2,0,33,17,17,0)
118:(42,2,1,33,17,17,0)
119:(42,2,0,32,18,18,0)
120:(42,2,1,32,18,18,0)
121:(42,2,2,32,18,18,0)
122:(42,2,1,31,19,19,0)
123:(42,2,0,30,20,20,0)
124:(40,2,5,30,20,20,0)
125:(40,2,4,29,21,21,0)
126:(40,2,3,28,22,22,0)
127:(40,2,2,27,23,23,0)
128:(40,2,1,26,24,24,0)
129:(40,2,0,25,25,25,0)
130:(40,2,2,25,25,25,0)
131:(40,2,1,24,26,26,0)
132:(39,2,1,23,27,27,0)
133:(39,2,2,23,27,27,0)
134:(39,2,1,22,28,28,0)
135:(39,2,0,21,29,29,0)
136:(39,2,1,21,29,29,0)
137:(39,2,0,20,30,30,0)
138:(38,2,2,20,30,30,0)
139:(38,2,1,18,32,32,0)
140:(38,2,2,18,32,32,0)
141:(37,2,3,18,32,32,0)
142:(35,2,2,14,36,36,0)
143:(35,2,1,13,37,37,0)
144:(34,2,2,13,37,37,0)
145:(34,2,1,12,38,38,0)
146:(33,2,2,12,38,38,0)
147:(33,2,1,11,39,39,0)
148:(33,2,0,10,40,40,0)
149:(32,2,4,10,40,40,0)
150:(32,2,3,9,41,41,0)
151:(31,2,4,9,41,41,0)
152:(31,2,3,8,42,42,0)
153:(31,2,2,7,43,43,0)
154:(31,2,1,6,44,44,0)
155:(31,2,0,5,45,45,0)
156:(29,2,3,5,45,45,0)
157:(29,2,2,4,46,46,0)
158:(29,2,3,4,46,46,0)
159:(29,2,2,2,48,48,0)
160:(29,2,1,1,49,49,0)
161:(29,2,0,0,50,50,0)
162:(48,2,2,50,0,0,0)
163:(48,2,1,49,1,1,0)
164:(48,2,2,49,1,1,0)
165:(48,2,2,48,2,2,0)
166:(48,2,3,48,2,2,0)
167:(48,2,2,47,3,3,0)
168:(48,2,1,46,4,4,0)
169:(48,2,0,45,5,5,0)
170:(46,2,3,45,5,5,0)
171:(45,2,4,45,5,5,0)
172:(44,2,4,44,6,6,0)
173:(44,2,3,43,7,7,0)
174:(44,2,2,42,8,8,0)
175:(44,2,1,41,9,9,0)
176:(44,2,0,40,10,10,0)
177:(44,2,3,39,11,11,0)
178:(44,2,4,39,11,11,0)
179:(44,2,3,38,12,12,0)
180:(44,2,2,37,13,13,0)
181:(44,2,1,36,14,14,0)
182:(44,2,0,35,15,15,0)
183:(43,2,1,33,17,17,0)
184:(42,2,2,33,17,17,0)
185:(41,2,2,32,18,18,0)
186:(41,2,1,31,19,19,0)
187:(41,2,0,30,20,20,0)
188:(39,2,3,25,25,25,0)
189:(38,2,2,22,28,28,0)
190:(37,2,2,18,32,32,0)
191:(36,2,2,17,33,33,0)
192:(36,2,1,16,34,34,0)
193:(36,2,0,15,35,35,0)
194:(37,2,1,14,36,36,0)
195:(37,2,2,14,36,36,0)
196:(36,2,3,14,36,36,0)
197:(36,2,2,13,37,37,0)
198:(35,2,3,13,37,37,0)
199:(35,2,2,12,38,38,0)
200:(35,2,1,11,39,39,0)
201:(35,2,0,10,40,40,0)
202:(32,2,5,10,40,40,0)
203:(32,2,4,9,41,41,0)
204:(32,2,3,8,42,42,0)
205:(32,2,2,7,43,43,0)
206:(32,2,1,6,44,44,0)
207:(32,2,0,5,45,45,0)
208:(28,2,4,5,45,45,0)
209:(27,2,5,5,45,45,0)
210:(27,2,4,4,46,46,0)
211:(27,2,3,3,47,47,0)
212:(27,2,2,2,48,48,0)
213:(27,2,1,1,49,49,0)
214:(27,2,0,0,50,50,0)
215:(50,2,2,50,0,0,0)
216:(49,2,3,50,0,0,0)
217:(48,2,4,50,0,0,0)
218:(47,2,5,50,0,0,0)
219:(44,2,5,45,5,5,0)
220:(44,2,1,37,13,13,0)
221:(42,2,3,34,16,16,0)
222:(42,2,0,31,19,19,0)
223:(40,2,6,30,20,20,0)
224:(40,2,5,29,21,21,0)
225:(40,2,4,28,22,22,0)
226:(40,2,3,27,23,23,0)
227:(40,2,2,26,24,24,0)
228:(38,2,4,25,25,25,0)
229:(38,2,3,23,27,27,0)
230:(37,2,3,20,30,30,0)
231:(36,2,4,20,30,30,0)
232:(36,2,5,20,30,30,0)
233:(36,2,4,19,31,31,0)
234:(36,2,3,18,32,32,0)
235:(37,2,2,15,35,35,0)
236:(37,2,0,13,37,37,0)
237:(36,2,1,13,37,37,0)
238:(36,2,0,12,38,38,0)
239:(35,2,1,12,38,38,0)
240:(49,2,1,48,2,2,0)
241:(48,2,1,47,3,3,0)
242:(48,2,0,46,4,4,0)
243:(42,2,2,34,16,16,0)
244:(36,2,3,15,35,35,0)
245:(32,2,1,6,43,44,1)
246:(32,2,0,5,44,45,1)
247:(28,2,5,5,45,45,0)
248:(28,2,4,4,46,46,0)
249:(28,2,3,3,47,47,0)
250:(47,2,3,50,0,0,0)
251:(47,2,4,50,0,0,0)
252:(47,2,3,49,1,1,0)
253:(43,2,3,39,11,11,0)
254:(43,2,2,38,12,12,0)
255:(43,2,0,32,18,18,0)
256:(43,2,1,32,18,18,0)
257:(43,2,0,31,19,19,0)
258:(40,2,6,29,21,21,0)
259:(40,2,5,28,22,22,0)
260:(40,2,4,27,23,23,0)
261:(40,2,3,26,24,24,0)
262:(37,2,5,25,25,25,0)
263:(37,2,4,24,26,26,0)
264:(37,2,3,23,27,27,0)
265:(37,2,2,22,28,28,0)
266:(37,2,1,21,29,29,0)
267:(37,2,0,20,30,30,0)
268:(37,2,4,19,31,31,0)
269:(35,2,4,15,35,35,0)
270:(35,2,2,13,37,37,0)
271:(35,2,0,11,39,39,0)
272:(32,2,2,8,42,42,0)
273:(50,2,0,49,1,1,0)
274:(48,2,0,47,3,3,0)
275:(42,2,2,37,13,13,0)
276:(42,2,1,36,14,14,0)
277:(42,2,0,35,15,15,0)
278:(42,2,3,35,15,15,0)
279:(42,2,4,35,15,15,0)
280:(42,2,5,35,15,15,0)
281:(42,2,4,34,16,16,0)
282:(42,2,3,33,17,17,0)
283:(40,2,4,29,20,21,1)
284:(40,2,3,28,21,22,1)
285:(40,2,2,27,22,23,1)
286:(40,2,1,26,23,24,1)
287:(40,2,0,25,24,25,1)
288:(36,2,6,20,30,30,0)
289:(36,2,5,19,31,31,0)
290:(36,2,4,18,32,32,0)
291:(36,2,3,17,33,33,0)
292:(36,2,2,16,34,34,0)
293:(36,2,1,15,35,35,0)
294:(34,2,5,15,35,35,0)
295:(27,2,5,4,46,46,0)
296:(27,2,4,3,47,47,0)
297:(27,2,3,2,48,48,0)
298:(27,2,2,1,49,49,0)
299:(27,2,1,0,50,50,0)
300:(48,2,3,50,0,0,0)
301:(44,2,2,42,7,8,1)
302:(44,2,1,41,8,9,1)
303:(44,2,0,40,9,10,1)
304:(44,2,0,36,14,14,0)
305:(41,2,4,29,21,21,0)
306:(41,2,3,28,22,22,0)
307:(41,2,2,27,23,23,0)
308:(37,2,4,24,25,26,1)
309:(37,2,3,23,26,27,1)
310:(37,2,2,22,27,28,1)
311:(37,2,1,21,28,29,1)
312:(37,2,0,20,29,30,1)
313:(31,2,5,10,40,40,0)
314:(28,2,3,4,46,46,0)
315:(28,2,2,3,47,47,0)
316:(28,2,1,2,48,48,0)
317:(49,2,0,47,3,3,0)
318:(49,2,1,47,3,3,0)
319:(49,2,2,47,3,3,0)
320:(49,2,1,46,4,4,0)
321:(49,2,0,45,5,5,0)
322:(45,2,5,45,5,5,0)
323:(45,2,4,44,6,6,0)
324:(45,2,3,43,7,7,0)
325:(44,2,4,40,10,10,0)
326:(42,2,5,35,14,15,1)
327:(42,2,4,34,15,16,1)
328:(42,2,3,33,16,17,1)
329:(42,2,2,32,17,18,1)
330:(42,2,1,31,18,19,1)
331:(42,2,0,30,19,20,1)
332:(40,2,5,29,20,21,1)
333:(40,2,4,28,21,22,1)
334:(40,2,3,27,22,23,1)
335:(40,2,2,26,23,24,1)
336:(40,2,1,25,24,25,1)
337:(36,2,1,20,30,30,0)
338:(36,2,5,20,29,30,1)
339:(36,2,4,19,30,31,1)
340:(36,2,3,18,31,32,1)
341:(36,2,2,17,32,33,1)
342:(36,2,1,16,33,34,1)
343:(36,2,0,15,34,35,1)
344:(33,2,4,13,37,37,0)
345:(33,2,3,12,38,38,0)
346:(33,2,2,11,39,39,0)
347:(33,2,1,10,40,40,0)
348:(27,2,6,5,45,45,0)
349:(43,2,4,39,11,11,0)
350:(39,2,4,28,22,22,0)
351:(39,2,3,27,23,23,0)
352:(39,2,2,26,24,24,0)
353:(39,2,1,25,25,25,0)
354:(38,2,5,25,25,25,0)
355:(38,2,4,24,26,26,0)
356:(32,2,3,7,43,43,0)
357:(32,2,2,6,44,44,0)
358:(32,2,1,5,45,45,0)
359:(50,2,1,49,1,1,0)
360:(41,2,4,33,17,17,0)
361:(41,2,3,32,18,18,0)
362:(41,2,2,31,19,19,0)
363:(41,2,1,30,20,20,0)
364:(40,2,5,30,19,20,1)
365:(36,2,2,17,31,33,2)
366:(36,2,1,16,32,34,2)
367:(36,2,0,15,33,35,2)
368:(34,2,5,14,36,36,0)
369:(34,2,4,13,37,37,0)
370:(34,2,3,12,38,38,0)
371:(34,2,2,11,39,39,0)
372:(27,2,5,4,45,46,1)
373:(27,2,4,3,46,47,1)
374:(27,2,3,2,47,48,1)
375:(27,2,2,1,48,49,1)
376:(27,2,1,0,49,50,1)
377:(50,2,0,48,2,2,0)
378:(50,2,1,48,2,2,0)
379:(50,2,0,47,3,3,0)
380:(50,2,1,47,3,3,0)
381:(50,2,2,47,3,3,0)
382:(50,2,1,46,4,4,0)
383:(50,2,0,45,5,5,0)
384:(45,2,3,43,6,7,1)
385:(45,2,2,42,7,8,1)
386:(45,2,1,41,8,9,1)
387:(45,2,0,40,9,10,1)
388:(42,2,1,30,19,20,1)
389:(35,2,4,18,31,32,1)
390:(35,2,3,17,32,33,1)
391:(35,2,2,16,33,34,1)
392:(35,2,1,15,34,35,1)
393:(33,2,6,15,35,35,0)
394:(33,2,5,14,36,36,0)
395:(30,2,2,6,44,44,0)
396:(48,2,0,48,2,2,0)
397:(47,2,1,48,2,2,0)
398:(47,2,0,47,3,3,0)
399:(47,2,0,46,4,4,0)
400:(46,2,1,46,4,4,0)
401:(46,2,0,45,5,5,0)
402:(44,2,5,45,4,5,1)
403:(44,2,4,44,5,6,1)
404:(44,2,3,43,6,7,1)
405:(44,2,5,40,10,10,0)
406:(42,2,5,35,13,15,2)
407:(42,2,4,34,14,16,2)
408:(42,2,3,33,15,17,2)
409:(42,2,2,32,16,18,2)
410:(42,2,1,31,17,19,2)
411:(42,2,0,30,18,20,2)
412:(41,2,3,28,21,22,1)
413:(41,2,2,27,22,23,1)
414:(41,2,1,26,23,24,1)
415:(41,2,0,25,24,25,1)
416:(36,2,6,19,31,31,0)
417:(36,2,5,18,32,32,0)
418:(36,2,4,17,33,33,0)
419:(36,2,3,16,34,34,0)
420:(36,2,2,15,35,35,0)
421:(32,2,2,7,42,43,1)
422:(48,2,5,50,0,0,0)
423:(48,2,4,49,1,1,0)
424:(37,2,3,22,28,28,0)
425:(37,2,2,21,29,29,0)
426:(37,2,1,20,30,30,0)
427:(37,2,5,19,31,31,0)
428:(37,2,4,18,32,32,0)
429:(37,2,3,17,33,33,0)
430:(37,2,2,16,34,34,0)
431:(34,2,6,15,35,35,0)
432:(27,2,2,2,47,48,1)
433:(27,2,1,1,48,49,1)
434:(27,2,0,0,49,50,1)
435:(43,2,4,38,12,12,0)
436:(43,2,3,37,13,13,0)
437:(43,2,2,36,14,14,0)
438:(41,2,3,33,15,17,2)
439:(41,2,2,32,16,18,2)
440:(41,2,1,31,17,19,2)
441:(41,2,0,30,18,20,2)
442:(36,2,7,20,30,30,0)
443:(31,2,4,9,40,41,1)
444:(31,2,3,8,41,42,1)
445:(31,2,2,7,42,43,1)
446:(31,2,1,6,43,44,1)
447:(31,2,0,5,44,45,1)
448:(44,2,5,39,11,11,0)
449:(44,2,4,38,12,12,0)
450:(44,2,3,37,13,13,0)
451:(44,2,2,36,14,14,0)
452:(44,2,1,35,15,15,0)
453:(41,2,1,30,18,20,2)
454:(39,2,6,30,20,20,0)
455:(39,2,5,29,21,21,0)
456:(34,2,2,12,37,38,1)
457:(34,2,1,11,38,39,1)
458:(34,2,0,10,39,40,1)
459:(31,2,5,9,41,41,0)
460:(31,2,4,8,42,42,0)
461:(31,2,3,7,43,43,0)
462:(31,2,2,6,44,44,0)
463:(31,2,1,5,45,45,0)
464:(49,2,3,49,1,1,0)
465:(49,2,2,48,2,2,0)
466:(43,2,1,40,9,10,1)
467:(42,2,3,33,14,17,3)
468:(42,2,2,32,15,18,3)
469:(42,2,1,31,16,19,3)
470:(42,2,0,30,17,20,3)
471:(36,2,6,20,29,30,1)
472:(36,2,5,19,30,31,1)
473:(36,2,4,18,31,32,1)
474:(36,2,3,17,32,33,1)
475:(36,2,2,16,33,34,1)
476:(36,2,1,15,34,35,1)
477:(26,2,4,2,48,48,0)
478:(26,2,3,1,49,49,0)
479:(26,2,2,0,50,50,0)
480:(50,2,2,48,2,2,0)
481:(50,2,3,48,2,2,0)
482:(43,2,5,44,5,6,1)
483:(43,2,4,43,6,7,1)
484:(43,2,3,42,7,8,1)
485:(43,2,2,41,8,9,1)
486:(44,2,4,39,10,11,1)
487:(44,2,3,38,11,12,1)
488:(44,2,2,37,12,13,1)
489:(44,2,1,36,13,14,1)
490:(44,2,0,35,14,15,1)
491:(42,2,5,35,12,15,3)
492:(42,2,4,34,13,16,3)
493:(40,2,5,30,18,20,2)
494:(40,2,4,29,19,21,2)
495:(40,2,3,28,20,22,2)
496:(40,2,2,27,21,23,2)
497:(40,2,1,26,22,24,2)
498:(40,2,0,25,23,25,2)
499:(27,2,7,5,45,45,0)
500:(27,2,6,4,46,46,0)
501:(27,2,5,3,47,47,0)
502:(27,2,4,2,48,48,0)
503:(27,2,3,1,49,49,0)
504:(27,2,2,0,50,50,0)
505:(36,2,5,25,25,25,0)
506:(36,2,4,24,26,26,0)
507:(36,2,3,23,27,27,0)
508:(36,2,2,22,28,28,0)
509:(36,2,1,21,29,29,0)
510:(36,2,0,20,30,30,0)
511:(50,2,2,49,1,1,0)
512:(42,2,4,33,15,17,2)
513:(42,2,3,32,16,18,2)
514:(42,2,2,31,17,19,2)
515:(42,2,1,30,18,20,2)
516:(39,2,4,28,21,22,1)
517:(39,2,3,27,22,23,1)
518:(39,2,2,26,23,24,1)
519:(39,2,1,25,24,25,1)
520:(32,2,3,8,41,42,1)
521:(26,2,6,5,45,45,0)
522:(26,2,5,4,46,46,0)
523:(26,2,4,3,47,47,0)
524:(26,2,3,2,48,48,0)
525:(26,2,2,1,49,49,0)
526:(26,2,1,0,50,50,0)
527:(44,2,5,44,5,6,1)
528:(44,2,4,43,6,7,1)
529:(44,2,3,42,7,8,1)
530:(44,2,2,41,8,9,1)
531:(44,2,1,40,9,10,1)
532:(41,2,4,34,16,16,0)
533:(41,2,3,33,17,17,0)
534:(36,2,6,25,25,25,0)
535:(36,2,5,24,26,26,0)
536:(36,2,4,23,27,27,0)
537:(36,2,3,22,28,28,0)
538:(36,2,2,21,29,29,0)
539:(35,2,5,19,30,31,1)
540:(33,2,2,11,38,39,1)
541:(33,2,1,10,39,40,1)
542:(31,2,6,10,40,40,0)
543:(42,2,5,35,11,15,4)
544:(42,2,4,34,12,16,4)
545:(42,2,3,33,13,17,4)
546:(42,2,2,32,14,18,4)
547:(42,2,1,31,15,19,4)
548:(42,2,0,30,16,20,4)
549:(41,2,5,30,20,20,0)
550:(27,2,8,5,45,45,0)
551:(27,2,7,4,46,46,0)
552:(27,2,6,3,47,47,0)
553:(27,2,5,2,48,48,0)
554:(27,2,4,1,49,49,0)
555:(27,2,3,0,50,50,0)
556:(45,2,5,44,6,6,0)
557:(45,2,4,43,7,7,0)
558:(45,2,3,42,8,8,0)
559:(45,2,2,41,9,9,0)
560:(45,2,1,40,10,10,0)
561:(37,2,5,24,26,26,0)
562:(37,2,4,23,27,27,0)
563:(36,2,3,17,31,33,2)
564:(36,2,2,16,32,34,2)
565:(36,2,1,15,33,35,2)
566:(35,2,5,14,36,36,0)
567:(35,2,4,13,37,37,0)
568:(35,2,3,12,38,38,0)
569:(35,2,2,11,39,39,0)
570:(35,2,1,10,40,40,0)
571:(30,2,6,10,40,40,0)
572:(30,2,5,9,41,41,0)
573:(30,2,4,8,42,42,0)
574:(30,2,3,7,43,43,0)
575:(49,2,0,46,4,4,0)
576:(45,2,4,44,5,6,1)
577:(43,2,5,39,11,11,0)
578:(43,2,5,35,14,15,1)
579:(43,2,4,34,15,16,1)
580:(43,2,3,33,16,17,1)
581:(43,2,2,32,17,18,1)
582:(43,2,1,31,18,19,1)
583:(43,2,0,30,19,20,1)
584:(42,2,5,30,20,20,0)
585:(42,2,4,29,21,21,0)
586:(42,2,3,28,22,22,0)
587:(42,2,2,27,23,23,0)
588:(42,2,1,26,24,24,0)
589:(42,2,0,25,25,25,0)
590:(37,2,6,25,25,25,0)
591:(46,2,2,47,3,3,0)
592:(30,2,6,10,39,40,1)
593:(30,2,5,9,40,41,1)
594:(30,2,4,8,41,42,1)
595:(30,2,3,7,42,43,1)
596:(30,2,2,6,43,44,1)
597:(30,2,1,5,44,45,1)
598:(26,2,8,5,45,45,0)
599:(26,2,7,4,46,46,0)
600:(26,2,6,3,47,47,0)
601:(26,2,5,2,48,48,0)
602:(26,2,4,1,49,49,0)
603:(26,2,3,0,50,50,0)
604:(41,2,0,30,17,20,3)
605:(39,2,6,30,18,20,2)
606:(39,2,5,29,19,21,2)
607:(39,2,4,28,20,22,2)
608:(39,2,3,27,21,23,2)
609:(39,2,2,26,22,24,2)
610:(39,2,1,25,23,25,2)
611:(36,2,6,19,30,31,1)
612:(36,2,5,18,31,32,1)
613:(36,2,4,17,32,33,1)
614:(36,2,3,16,33,34,1)
615:(36,2,2,15,34,35,1)
616:(33,2,5,14,35,36,1)
617:(33,2,4,13,36,37,1)
618:(33,2,3,12,37,38,1)
619:(43,2,0,40,9,10,1)
620:(37,2,1,16,33,34,1)
621:(37,2,0,15,34,35,1)
622:(29,2,6,9,40,41,1)
623:(29,2,5,8,41,42,1)
624:(29,2,4,7,42,43,1)
625:(29,2,3,6,43,44,1)
626:(29,2,2,5,44,45,1)
627:(44,2,0,40,8,10,2)
628:(41,2,1,31,16,19,3)
629:(37,2,6,24,26,26,0)
630:(37,2,5,23,27,27,0)
631:(37,2,4,22,28,28,0)
632:(37,2,3,21,29,29,0)
633:(37,2,2,20,30,30,0)
634:(36,2,3,19,31,31,0)
635:(36,2,2,18,32,32,0)
636:(36,2,1,17,33,33,0)
637:(35,2,2,17,33,33,0)
638:(35,2,1,16,34,34,0)
639:(35,2,0,15,35,35,0)
640:(32,2,7,15,35,35,0)
641:(32,2,6,14,36,36,0)
642:(32,2,5,13,37,37,0)
643:(32,2,4,12,38,38,0)
644:(32,2,3,11,39,39,0)
645:(32,2,2,10,40,40,0)
646:(45,2,0,35,15,15,0)
647:(42,2,5,34,16,16,0)
648:(42,2,4,33,17,17,0)
649:(42,2,3,32,18,18,0)
650:(42,2,2,31,19,19,0)
651:(42,2,1,30,20,20,0)
652:(39,2,4,27,21,23,2)
653:(39,2,3,26,22,24,2)
654:(39,2,2,25,23,25,2)
655:(31,2,5,10,39,40,1)
656:(27,2,4,0,50,50,0)
657:(38,2,3,26,23,24,1)
658:(41,2,6,35,13,15,2)
659:(46,2,4,50,0,0,0)
660:(40,2,4,33,15,17,2)
661:(41,2,5,34,13,16,3)
662:(35,2,7,20,29,30,1)
663:(39,2,6,29,20,21,1)
664:(32,2,6,14,35,36,1)
665:(34,2,6,19,30,31,1)
666:(35,2,6,18,31,32,1)
667:(44,2,4,44,4,6,2)
668:(44,2,3,43,5,7,2)
669:(44,2,2,42,6,8,2)
670:(44,2,1,41,7,9,2)
671:(41,2,5,34,14,16,2)
672:(41,2,4,33,15,17,2)
673:(41,2,3,32,16,18,2)
674:(41,2,2,31,17,19,2)
675:(41,2,2,26,24,24,0)
676:(41,2,1,25,25,25,0)
677:(35,2,6,25,25,25,0)
678:(35,2,5,24,26,26,0)
679:(35,2,4,23,27,27,0)
680:(35,2,3,22,28,28,0)
681:(35,2,2,21,29,29,0)
682:(35,2,1,20,30,30,0)
683:(35,2,6,19,30,31,1)
684:(35,2,5,18,31,32,1)
685:(35,2,4,17,32,33,1)
686:(35,2,3,16,33,34,1)
687:(35,2,2,15,34,35,1)
688:(35,2,4,14,36,36,0)
689:(49,2,3,48,2,2,0)
690:(43,2,1,41,8,9,1)
691:(38,2,1,25,23,25,2)
692:(34,2,5,18,31,32,1)
693:(34,2,4,17,32,33,1)
694:(34,2,3,16,33,34,1)
695:(34,2,2,15,34,35,1)
696:(27,2,6,3,46,47,1)
697:(27,2,5,2,47,48,1)
698:(27,2,4,1,48,49,1)
699:(27,2,3,0,49,50,1)
700:(45,2,5,45,4,5,1)
701:(34,2,4,16,33,34,1)
702:(34,2,3,15,34,35,1)
703:(34,2,4,12,38,38,0)
704:(34,2,3,11,39,39,0)
705:(34,2,2,10,40,40,0)
706:(26,2,6,4,46,46,0)
707:(26,2,5,3,47,47,0)
708:(45,2,1,36,14,14,0)
709:(42,2,4,34,11,16,5)
710:(42,2,3,33,12,17,5)
711:(42,2,2,32,13,18,5)
712:(42,2,1,31,14,19,5)
713:(42,2,0,30,15,20,5)
714:(36,2,0,16,34,34,0)
715:(42,2,2,31,14,19,5)
716:(36,2,7,19,30,31,1)
717:(42,2,2,31,15,19,4)
718:(28,2,1,1,48,49,1)
719:(40,2,5,29,19,21,2)
720:(40,2,3,26,22,24,2)
721:(44,2,5,40,9,10,1)
722:(43,2,5,35,13,15,2)
723:(43,2,1,36,13,14,1)
724:(45,2,1,36,13,14,1)
725:(41,2,4,33,16,17,1)
726:(41,2,3,33,16,17,1)
727:(41,2,3,33,14,17,3)
728:(40,2,3,33,15,17,2)
729:(42,2,2,33,15,17,2)
730:(43,2,2,33,15,17,2)
731:(42,2,3,34,15,16,1)
732:(42,2,3,34,14,16,2)
733:(42,2,3,34,13,16,3)
734:(42,2,3,34,12,16,4)
735:(41,2,1,32,16,18,2)
736:(42,2,5,36,14,14,0)
737:(32,2,2,8,41,42,1)
738:(43,2,4,35,15,15,0)
739:(30,2,3,8,41,42,1)
740:(40,2,5,34,14,16,2)
741:(41,2,5,34,15,16,1)
742:(42,2,4,33,14,17,3)
743:(43,2,3,34,13,16,3)
744:(43,2,4,34,13,16,3)
745:(40,2,7,35,13,15,2)
746:(41,2,3,32,14,18,4)
747:(41,2,2,32,14,18,4)
748:(39,2,4,25,25,25,0)
749:(40,2,3,25,25,25,0)
750:(40,2,6,34,14,16,2)
751:(40,2,5,33,15,17,2)
752:(40,2,4,32,16,18,2)
753:(40,2,3,31,17,19,2)
754:(40,2,2,30,18,20,2)
755:(39,2,6,30,19,20,1)
756:(39,2,5,29,20,21,1)
757:(31,2,4,9,39,41,2)
758:(31,2,3,8,40,42,2)
759:(31,2,2,7,41,43,2)
760:(31,2,1,6,42,44,2)
761:(31,2,0,5,43,45,2)
762:(27,2,4,2,47,48,1)
763:(27,2,3,1,48,49,1)
764:(27,2,2,0,49,50,1)
765:(49,2,4,50,0,0,0)
766:(49,2,5,50,0,0,0)
767:(49,2,4,49,1,1,0)
768:(45,2,2,41,8,9,1)
769:(45,2,1,40,9,10,1)
770:(43,2,4,34,14,16,2)
771:(43,2,3,33,15,17,2)
772:(43,2,2,32,16,18,2)
773:(43,2,1,31,17,19,2)
774:(43,2,0,30,18,20,2)
775:(36,2,6,24,26,26,0)
776:(36,2,5,23,27,27,0)
777:(36,2,4,22,28,28,0)
778:(36,2,3,21,29,29,0)
779:(36,2,2,20,30,30,0)
780:(31,2,3,10,40,40,0)
781:(28,2,0,0,49,50,1)
782:(47,2,2,49,1,1,0)
783:(46,2,2,48,2,2,0)
784:(46,2,1,47,3,3,0)
785:(44,2,6,45,5,5,0)
786:(44,2,5,44,6,6,0)
787:(44,2,4,43,7,7,0)
788:(44,2,3,42,8,8,0)
789:(44,2,2,41,9,9,0)
790:(44,2,0,35,13,15,2)
791:(44,2,3,33,15,17,2)
792:(44,2,2,32,16,18,2)
793:(44,2,1,31,17,19,2)
794:(44,2,0,30,18,20,2)
795:(39,2,5,30,18,20,2)
796:(39,2,4,29,19,21,2)
797:(39,2,3,28,20,22,2)
798:(39,2,2,27,21,23,2)
799:(39,2,1,26,22,24,2)
800:(39,2,0,25,23,25,2)
801:(37,2,5,18,32,32,0)
802:(37,2,4,17,33,33,0)
803:(37,2,3,16,34,34,0)
804:(32,2,5,12,38,38,0)
805:(32,2,4,11,39,39,0)
806:(25,2,4,2,48,48,0)
807:(25,2,3,1,49,49,0)
808:(25,2,2,0,50,50,0)
809:(41,2,2,32,15,18,3)
810:(31,2,6,10,39,40,1)
811:(31,2,5,9,40,41,1)
812:(31,2,4,8,41,42,1)
813:(31,2,3,7,42,43,1)
814:(31,2,2,6,43,44,1)
815:(31,2,1,5,44,45,1)
816:(25,2,3,2,48,48,0)
817:(25,2,2,1,49,49,0)
818:(25,2,1,0,50,50,0)
819:(43,2,6,45,4,5,1)
820:(44,2,3,37,12,13,1)
821:(44,2,2,36,13,14,1)
822:(44,2,1,35,14,15,1)
823:(41,2,2,32,17,18,1)
824:(41,2,1,31,18,19,1)
825:(41,2,0,30,19,20,1)
826:(41,2,3,27,23,23,0)
827:(35,2,5,17,32,33,1)
828:(35,2,4,16,33,34,1)
829:(35,2,3,15,34,35,1)
830:(44,2,4,39,9,11,2)
831:(44,2,3,38,10,12,2)
832:(44,2,2,37,11,13,2)
833:(44,2,1,36,12,14,2)
834:(43,2,2,32,14,18,4)
835:(43,2,1,31,15,19,4)
836:(43,2,0,30,16,20,4)
837:(35,2,4,17,31,33,2)
838:(35,2,3,16,32,34,2)
839:(35,2,2,15,33,35,2)
840:(32,2,5,14,36,36,0)
841:(32,2,4,13,37,37,0)
842:(32,2,3,12,38,38,0)
843:(32,2,2,11,39,39,0)
844:(32,2,1,10,40,40,0)
845:(28,2,3,2,48,48,0)
846:(28,2,2,1,49,49,0)
847:(28,2,1,0,50,50,0)
848:(43,2,5,40,10,10,0)
849:(36,2,4,16,34,34,0)
850:(34,2,3,12,37,38,1)
851:(34,2,2,11,38,39,1)
852:(34,2,1,10,39,40,1)
853:(29,2,5,8,42,42,0)
854:(29,2,4,7,43,43,0)
855:(29,2,3,6,44,44,0)
856:(26,2,8,4,46,46,0)
857:(26,2,7,3,47,47,0)
858:(26,2,6,2,48,48,0)
859:(26,2,5,1,49,49,0)
860:(26,2,4,0,50,50,0)
861:(43,2,4,44,6,6,0)
862:(43,2,3,43,7,7,0)
863:(43,2,2,42,8,8,0)
864:(43,2,1,41,9,9,0)
865:(43,2,0,40,10,10,0)
866:(41,2,5,35,11,15,4)
867:(41,2,4,34,12,16,4)
868:(41,2,3,33,13,17,4)
869:(41,2,1,31,15,19,4)
870:(41,2,0,30,16,20,4)
871:(32,2,6,13,37,37,0)
872:(27,2,3,3,46,47,1)
873:(42,2,2,41,8,9,1)
874:(42,2,1,40,9,10,1)
875:(43,2,0,35,14,15,1)
876:(39,2,5,25,25,25,0)
877:(39,2,4,24,26,26,0)
878:(39,2,3,23,27,27,0)
879:(39,2,2,22,28,28,0)
880:(29,2,5,9,41,41,0)
881:(29,2,4,8,42,42,0)
882:(29,2,3,7,43,43,0)
883:(29,2,2,6,44,44,0)
884:(29,2,1,5,45,45,0)
885:(43,2,2,41,9,9,0)
886:(43,2,1,40,10,10,0)
887:(43,2,4,39,10,11,1)
888:(43,2,3,38,11,12,1)
889:(43,2,2,37,12,13,1)
890:(39,2,2,30,18,20,2)
891:(40,2,6,30,19,20,1)
892:(31,2,8,15,35,35,0)
893:(31,2,7,14,36,36,0)
894:(31,2,6,13,37,37,0)
895:(31,2,5,12,38,38,0)
896:(31,2,4,11,39,39,0)
897:(32,2,5,9,40,41,1)
898:(32,2,4,8,41,42,1)
899:(32,2,3,7,42,43,1)
900:(32,2,2,6,43,44,1)
901:(32,2,1,5,44,45,1)
902:(28,2,3,3,46,47,1)
903:(28,2,2,2,47,48,1)
904:(41,2,6,35,15,15,0)
905:(41,2,5,34,16,16,0)
906:(34,2,7,25,25,25,0)
907:(34,2,6,24,26,26,0)
908:(34,2,5,23,27,27,0)
909:(34,2,4,22,28,28,0)
910:(34,2,3,21,29,29,0)
911:(34,2,2,20,30,30,0)
912:(37,2,5,20,29,30,1)
913:(37,2,4,19,30,31,1)
914:(37,2,3,18,31,32,1)
915:(37,2,2,17,32,33,1)
916:(29,2,3,3,47,47,0)
917:(43,2,3,37,12,13,1)
918:(43,2,2,36,13,14,1)
919:(43,2,1,35,14,15,1)
920:(39,2,4,27,22,23,1)
921:(39,2,3,26,23,24,1)
922:(39,2,2,25,24,25,1)
923:(50,2,0,46,4,4,0)
924:(42,2,2,36,14,14,0)
925:(42,2,1,35,15,15,0)
926:(40,2,1,31,15,19,4)
927:(40,2,0,30,16,20,4)
928:(34,2,7,24,26,26,0)
929:(34,2,6,23,27,27,0)
930:(34,2,5,22,28,28,0)
931:(34,2,4,21,29,29,0)
932:(34,2,3,20,30,30,0)
933:(32,2,5,13,36,37,1)
934:(32,2,4,12,37,38,1)
935:(32,2,3,11,38,39,1)
936:(32,2,2,10,39,40,1)
937:(42,2,3,41,8,9,1)
938:(42,2,2,40,9,10,1)
939:(44,2,5,39,10,11,1)
940:(44,2,4,38,11,12,1)
941:(38,2,2,25,24,25,1)
942:(35,2,6,24,26,26,0)
943:(35,2,5,23,27,27,0)
944:(35,2,4,22,28,28,0)
945:(35,2,3,21,29,29,0)
946:(35,2,2,20,30,30,0)
947:(35,2,4,17,33,33,0)
948:(35,2,3,16,34,34,0)
949:(35,2,2,15,35,35,0)
950:(33,2,4,12,38,38,0)
951:(33,2,3,11,39,39,0)
952:(42,2,5,35,10,15,5)
953:(38,2,6,30,18,20,2)
954:(38,2,5,29,19,21,2)
955:(38,2,4,28,20,22,2)
956:(38,2,3,27,21,23,2)
957:(38,2,2,26,22,24,2)
958:(31,2,5,9,39,41,2)
959:(31,2,4,8,40,42,2)
960:(31,2,3,7,41,43,2)
961:(31,2,2,6,42,44,2)
962:(31,2,1,5,43,45,2)
963:(42,2,6,44,5,6,1)
964:(42,2,5,43,6,7,1)
965:(42,2,4,42,7,8,1)
966:(30,2,4,9,41,41,0)
967:(30,2,3,8,42,42,0)
968:(28,2,8,5,45,45,0)
969:(28,2,7,4,46,46,0)
970:(28,2,6,3,47,47,0)
971:(28,2,5,2,48,48,0)
972:(28,2,4,1,49,49,0)
973:(28,2,3,0,50,50,0)
974:(41,2,5,34,12,16,4)
975:(41,2,4,33,13,17,4)
976:(41,2,2,31,15,19,4)
977:(41,2,1,30,16,20,4)
978:(42,2,5,30,19,20,1)
979:(42,2,4,29,20,21,1)
980:(42,2,3,28,21,22,1)
981:(42,2,2,27,22,23,1)
982:(42,2,1,26,23,24,1)
983:(42,2,0,25,24,25,1)
984:(37,2,5,24,25,26,1)
985:(37,2,4,23,26,27,1)
986:(37,2,3,22,27,28,1)
987:(37,2,2,21,28,29,1)
988:(37,2,1,20,29,30,1)
989:(37,2,5,19,30,31,1)
990:(37,2,4,18,31,32,1)
991:(37,2,3,17,32,33,1)
992:(37,2,2,16,33,34,1)
993:(37,2,1,15,34,35,1)
994:(31,2,6,12,38,38,0)
995:(31,2,5,11,39,39,0)
996:(31,2,4,10,40,40,0)
997:(42,2,5,34,14,16,2)
998:(46,2,4,44,6,6,0)
999:(46,2,3,43,7,7,0)
1000:(46,2,2,42,8,8,0)
1001:(46,2,1,41,9,9,0)
1002:(46,2,0,40,10,10,0)
1003:(42,2,4,39,11,11,0)
1004:(42,2,3,38,12,12,0)
1005:(33,2,7,24,26,26,0)
1006:(33,2,6,23,27,27,0)
1007:(33,2,5,22,28,28,0)
1008:(33,2,4,21,29,29,0)
1009:(33,2,3,20,30,30,0)
1010:(25,2,8,4,46,46,0)
1011:(25,2,7,3,47,47,0)
1012:(25,2,6,2,48,48,0)
1013:(25,2,5,1,49,49,0)
1014:(25,2,4,0,50,50,0)
1015:(42,2,5,44,5,6,1)
1016:(42,2,4,43,6,7,1)
1017:(42,2,3,42,7,8,1)
1018:(42,2,5,39,11,11,0)
1019:(42,2,4,38,12,12,0)
1020:(42,2,3,37,13,13,0)
1021:(39,2,0,25,25,25,0)
1022:(33,2,5,13,37,37,0)
1023:(44,2,6,45,4,5,1)
1024:(40,2,6,34,16,16,0)
1025:(40,2,5,33,17,17,0)
1026:(40,2,4,32,18,18,0)
1027:(40,2,3,31,19,19,0)
1028:(40,2,2,30,20,20,0)
1029:(36,2,2,22,27,28,1)
1030:(36,2,1,21,28,29,1)
1031:(36,2,0,20,29,30,1)
1032:(35,2,5,18,30,32,2)
1033:(31,2,4,11,38,39,1)
1034:(31,2,3,10,39,40,1)
1035:(32,2,4,8,42,42,0)
1036:(39,2,1,30,16,20,4)
1037:(40,2,1,30,16,20,4)
1038:(45,2,1,40,8,10,2)
1039:(43,2,1,40,8,10,2)
1040:(44,2,1,40,8,10,2)
1041:(46,2,1,40,9,10,1)
1042:(43,2,1,31,16,19,3)
1043:(41,2,4,34,15,16,1)
1044:(34,2,6,15,34,35,1)
1045:(34,2,5,14,35,36,1)
1046:(34,2,4,13,36,37,1)
1047:(25,2,4,3,47,47,0)
1048:(31,2,3,9,41,41,0)
1049:(42,2,2,33,14,17,3)
1050:(42,2,2,33,13,17,4)
1051:(43,2,2,34,13,16,3)
1052:(40,2,2,26,22,24,2)
1053:(40,2,2,28,20,22,2)
1054:(44,2,2,43,7,7,0)
1055:(28,2,6,4,46,46,0)
1056:(26,2,2,2,48,48,0)
1057:(41,2,2,31,14,19,5)
1058:(42,2,1,32,14,18,4)
1059:(42,2,4,35,14,15,1)
1060:(41,2,2,33,15,17,2)
1061:(42,2,4,35,11,15,4)
1062:(37,2,3,19,31,31,0)
1063:(35,2,3,18,32,32,0)
1064:(31,2,6,11,39,39,0)
1065:(45,2,5,46,4,4,0)
1066:(32,2,3,9,40,41,1)
1067:(45,2,5,44,5,6,1)
1068:(45,2,4,43,6,7,1)
1069:(45,2,3,42,7,8,1)
1070:(30,2,4,8,40,42,2)
1071:(30,2,3,7,41,43,2)
1072:(30,2,2,6,42,44,2)
1073:(30,2,1,5,43,45,2)
1074:(44,2,2,41,7,9,2)
1075:(35,2,3,13,36,37,1)
1076:(35,2,2,12,37,38,1)
1077:(35,2,1,11,38,39,1)
1078:(35,2,0,10,39,40,1)
1079:(28,2,9,5,45,45,0)
1080:(28,2,8,4,46,46,0)
1081:(28,2,7,3,47,47,0)
1082:(28,2,6,2,48,48,0)
1083:(28,2,5,1,49,49,0)
1084:(28,2,4,0,50,50,0)
1085:(42,2,7,45,4,5,1)
1086:(38,2,4,29,19,21,2)
1087:(38,2,3,28,20,22,2)
1088:(38,2,2,27,21,23,2)
1089:(38,2,1,26,22,24,2)
1090:(38,2,0,25,23,25,2)
1091:(34,2,6,25,25,25,0)
1092:(34,2,5,24,26,26,0)
1093:(34,2,4,23,27,27,0)
1094:(34,2,3,22,28,28,0)
1095:(34,2,2,21,29,29,0)
1096:(34,2,1,20,30,30,0)
1097:(34,2,6,18,31,32,1)
1098:(34,2,5,17,32,33,1)
1099:(46,2,0,46,4,4,0)
1100:(45,2,1,46,4,4,0)
1101:(45,2,0,45,5,5,0)
1102:(42,2,2,33,16,17,1)
1103:(33,2,7,15,35,35,0)
1104:(33,2,6,14,36,36,0)
1105:(28,2,0,1,49,49,0)
1106:(32,2,6,12,38,38,0)
1107:(41,2,4,32,16,18,2)
1108:(30,2,5,8,40,42,2)
1109:(42,2,2,31,16,19,3)
1110:(43,2,2,31,16,19,3)
1111:(41,2,2,31,16,19,3)
1112:(43,2,5,34,13,16,3)
1113:(42,2,1,30,17,20,3)
1114:(42,2,5,33,14,17,3)
1115:(40,2,3,32,16,18,2)
1116:(43,2,5,39,10,11,1)
1117:(43,2,4,38,11,12,1)
1118:(35,2,1,21,29,29,0)
1119:(35,2,0,20,30,30,0)
1120:(31,2,5,10,38,40,2)
1121:(27,2,6,2,48,48,0)
1122:(27,2,5,1,49,49,0)
1123:(-1,-1,-1,-1,-1,-1,-1)